2024-06-20 19:37:10,624 [trainer.py] => config: ./configs/beef/tiny-imagenet-50-10.json
2024-06-20 19:37:10,625 [trainer.py] => prefix: fusion-energy-0.01-1.7-fixed
2024-06-20 19:37:10,625 [trainer.py] => dataset: tiny-imagenet-200
2024-06-20 19:37:10,626 [trainer.py] => memory_size: 2000
2024-06-20 19:37:10,626 [trainer.py] => memory_per_class: 20
2024-06-20 19:37:10,626 [trainer.py] => fixed_memory: True
2024-06-20 19:37:10,626 [trainer.py] => shuffle: True
2024-06-20 19:37:10,626 [trainer.py] => init_cls: 200
2024-06-20 19:37:10,626 [trainer.py] => increment: 10
2024-06-20 19:37:10,627 [trainer.py] => model_name: beefiso
2024-06-20 19:37:10,627 [trainer.py] => convnet_type: resnet32
2024-06-20 19:37:10,627 [trainer.py] => device: [device(type='cuda', index=0)]
2024-06-20 19:37:10,627 [trainer.py] => seed: 1993
2024-06-20 19:37:10,627 [trainer.py] => logits_alignment: 1.7
2024-06-20 19:37:10,627 [trainer.py] => energy_weight: 0.01
2024-06-20 19:37:10,628 [trainer.py] => is_compress: False
2024-06-20 19:37:10,628 [trainer.py] => reduce_batch_size: False
2024-06-20 19:37:10,628 [trainer.py] => init_epochs: 200
2024-06-20 19:37:10,628 [trainer.py] => init_lr: 0.1
2024-06-20 19:37:10,628 [trainer.py] => init_weight_decay: 0.0005
2024-06-20 19:37:10,628 [trainer.py] => expansion_epochs: 170
2024-06-20 19:37:10,628 [trainer.py] => fusion_epochs: 60
2024-06-20 19:37:10,629 [trainer.py] => lr: 0.1
2024-06-20 19:37:10,629 [trainer.py] => batch_size: 128
2024-06-20 19:37:10,629 [trainer.py] => weight_decay: 0.0005
2024-06-20 19:37:10,629 [trainer.py] => num_workers: 8
2024-06-20 19:37:10,629 [trainer.py] => T: 2
2024-06-20 19:37:11,400 [data_manager.py] => [168, 136, 51, 9, 183, 101, 171, 99, 42, 159, 191, 70, 16, 188, 27, 10, 175, 26, 68, 187, 98, 6, 85, 35, 112, 43, 100, 0, 103, 181, 88, 59, 4, 2, 116, 174, 94, 80, 106, 1, 147, 17, 141, 131, 72, 23, 173, 54, 197, 118, 87, 32, 79, 104, 91, 19, 135, 107, 178, 36, 11, 199, 142, 8, 122, 3, 28, 57, 153, 172, 190, 56, 49, 44, 97, 62, 151, 169, 194, 55, 192, 12, 189, 78, 66, 180, 15, 137, 109, 134, 92, 119, 126, 52, 170, 40, 148, 65, 144, 64, 138, 45, 77, 89, 154, 90, 71, 193, 74, 30, 113, 143, 96, 84, 67, 50, 186, 156, 69, 21, 18, 111, 108, 58, 125, 157, 150, 110, 182, 129, 166, 83, 81, 60, 13, 165, 14, 176, 63, 117, 5, 22, 145, 121, 38, 41, 82, 127, 114, 20, 31, 53, 37, 163, 196, 130, 152, 162, 86, 76, 24, 34, 184, 149, 33, 128, 198, 155, 146, 167, 139, 120, 140, 102, 47, 25, 158, 123, 46, 164, 61, 7, 115, 75, 133, 160, 105, 132, 179, 124, 48, 73, 93, 39, 95, 195, 29, 177, 185, 161]
