2024-06-20 11:02:18,540 [trainer.py] => config: ./configs/beef/tiny-imagenet-50-10.json
2024-06-20 11:02:18,540 [trainer.py] => prefix: fusion-energy-0.01-1.7-fixed
2024-06-20 11:02:18,540 [trainer.py] => dataset: tiny-imagenet-200
2024-06-20 11:02:18,540 [trainer.py] => memory_size: 2000
2024-06-20 11:02:18,541 [trainer.py] => memory_per_class: 20
2024-06-20 11:02:18,541 [trainer.py] => fixed_memory: True
2024-06-20 11:02:18,541 [trainer.py] => shuffle: True
2024-06-20 11:02:18,541 [trainer.py] => init_cls: 50
2024-06-20 11:02:18,541 [trainer.py] => increment: 10
2024-06-20 11:02:18,541 [trainer.py] => model_name: beefiso
2024-06-20 11:02:18,542 [trainer.py] => convnet_type: resnet32
2024-06-20 11:02:18,542 [trainer.py] => device: [device(type='cuda', index=0)]
2024-06-20 11:02:18,542 [trainer.py] => seed: 1993
2024-06-20 11:02:18,542 [trainer.py] => logits_alignment: 1.7
2024-06-20 11:02:18,542 [trainer.py] => energy_weight: 0.01
2024-06-20 11:02:18,543 [trainer.py] => is_compress: False
2024-06-20 11:02:18,543 [trainer.py] => reduce_batch_size: False
2024-06-20 11:02:18,543 [trainer.py] => init_epochs: 200
2024-06-20 11:02:18,543 [trainer.py] => init_lr: 0.1
2024-06-20 11:02:18,543 [trainer.py] => init_weight_decay: 0.0005
2024-06-20 11:02:18,544 [trainer.py] => expansion_epochs: 170
2024-06-20 11:02:18,544 [trainer.py] => fusion_epochs: 60
2024-06-20 11:02:18,544 [trainer.py] => lr: 0.1
2024-06-20 11:02:18,544 [trainer.py] => batch_size: 128
2024-06-20 11:02:18,544 [trainer.py] => weight_decay: 0.0005
2024-06-20 11:02:18,544 [trainer.py] => num_workers: 8
2024-06-20 11:02:18,544 [trainer.py] => T: 2
2024-06-20 11:15:35,006 [trainer.py] => config: ./configs/beef/tiny-imagenet-50-10.json
2024-06-20 11:15:35,007 [trainer.py] => prefix: fusion-energy-0.01-1.7-fixed
2024-06-20 11:15:35,007 [trainer.py] => dataset: tiny-imagenet-200
2024-06-20 11:15:35,007 [trainer.py] => memory_size: 2000
2024-06-20 11:15:35,007 [trainer.py] => memory_per_class: 20
2024-06-20 11:15:35,007 [trainer.py] => fixed_memory: True
2024-06-20 11:15:35,007 [trainer.py] => shuffle: True
2024-06-20 11:15:35,008 [trainer.py] => init_cls: 50
2024-06-20 11:15:35,008 [trainer.py] => increment: 10
2024-06-20 11:15:35,008 [trainer.py] => model_name: beefiso
2024-06-20 11:15:35,008 [trainer.py] => convnet_type: resnet32
2024-06-20 11:15:35,008 [trainer.py] => device: [device(type='cuda', index=0)]
2024-06-20 11:15:35,008 [trainer.py] => seed: 1993
2024-06-20 11:15:35,008 [trainer.py] => logits_alignment: 1.7
2024-06-20 11:15:35,009 [trainer.py] => energy_weight: 0.01
2024-06-20 11:15:35,009 [trainer.py] => is_compress: False
2024-06-20 11:15:35,009 [trainer.py] => reduce_batch_size: False
2024-06-20 11:15:35,009 [trainer.py] => init_epochs: 200
2024-06-20 11:15:35,009 [trainer.py] => init_lr: 0.1
2024-06-20 11:15:35,009 [trainer.py] => init_weight_decay: 0.0005
2024-06-20 11:15:35,010 [trainer.py] => expansion_epochs: 170
2024-06-20 11:15:35,010 [trainer.py] => fusion_epochs: 60
2024-06-20 11:15:35,010 [trainer.py] => lr: 0.1
2024-06-20 11:15:35,010 [trainer.py] => batch_size: 128
2024-06-20 11:15:35,010 [trainer.py] => weight_decay: 0.0005
2024-06-20 11:15:35,010 [trainer.py] => num_workers: 8
2024-06-20 11:15:35,011 [trainer.py] => T: 2
2024-06-20 11:29:36,898 [trainer.py] => config: ./configs/beef/tiny-imagenet-50-10.json
2024-06-20 11:29:36,899 [trainer.py] => prefix: fusion-energy-0.01-1.7-fixed
2024-06-20 11:29:36,899 [trainer.py] => dataset: tiny-imagenet-200
2024-06-20 11:29:36,899 [trainer.py] => memory_size: 2000
2024-06-20 11:29:36,900 [trainer.py] => memory_per_class: 20
2024-06-20 11:29:36,900 [trainer.py] => fixed_memory: True
2024-06-20 11:29:36,900 [trainer.py] => shuffle: True
2024-06-20 11:29:36,900 [trainer.py] => init_cls: 50
2024-06-20 11:29:36,900 [trainer.py] => increment: 10
2024-06-20 11:29:36,900 [trainer.py] => model_name: beefiso
2024-06-20 11:29:36,901 [trainer.py] => convnet_type: resnet32
2024-06-20 11:29:36,901 [trainer.py] => device: [device(type='cuda', index=0)]
2024-06-20 11:29:36,901 [trainer.py] => seed: 1993
2024-06-20 11:29:36,901 [trainer.py] => logits_alignment: 1.7
2024-06-20 11:29:36,901 [trainer.py] => energy_weight: 0.01
2024-06-20 11:29:36,901 [trainer.py] => is_compress: False
2024-06-20 11:29:36,901 [trainer.py] => reduce_batch_size: False
2024-06-20 11:29:36,902 [trainer.py] => init_epochs: 200
2024-06-20 11:29:36,902 [trainer.py] => init_lr: 0.1
2024-06-20 11:29:36,902 [trainer.py] => init_weight_decay: 0.0005
2024-06-20 11:29:36,902 [trainer.py] => expansion_epochs: 170
2024-06-20 11:29:36,902 [trainer.py] => fusion_epochs: 60
2024-06-20 11:29:36,903 [trainer.py] => lr: 0.1
2024-06-20 11:29:36,903 [trainer.py] => batch_size: 128
2024-06-20 11:29:36,903 [trainer.py] => weight_decay: 0.0005
2024-06-20 11:29:36,903 [trainer.py] => num_workers: 8
2024-06-20 11:29:36,903 [trainer.py] => T: 2
2024-06-20 19:26:57,741 [trainer.py] => config: ./configs/beef/tiny-imagenet-50-10.json
2024-06-20 19:26:57,741 [trainer.py] => prefix: fusion-energy-0.01-1.7-fixed
2024-06-20 19:26:57,742 [trainer.py] => dataset: tiny-imagenet-200
2024-06-20 19:26:57,742 [trainer.py] => memory_size: 2000
2024-06-20 19:26:57,742 [trainer.py] => memory_per_class: 20
2024-06-20 19:26:57,742 [trainer.py] => fixed_memory: True
2024-06-20 19:26:57,742 [trainer.py] => shuffle: True
2024-06-20 19:26:57,742 [trainer.py] => init_cls: 50
2024-06-20 19:26:57,743 [trainer.py] => increment: 10
2024-06-20 19:26:57,743 [trainer.py] => model_name: beefiso
2024-06-20 19:26:57,743 [trainer.py] => convnet_type: resnet32
2024-06-20 19:26:57,743 [trainer.py] => device: [device(type='cuda', index=0)]
2024-06-20 19:26:57,743 [trainer.py] => seed: 1993
2024-06-20 19:26:57,743 [trainer.py] => logits_alignment: 1.7
2024-06-20 19:26:57,743 [trainer.py] => energy_weight: 0.01
2024-06-20 19:26:57,743 [trainer.py] => is_compress: False
2024-06-20 19:26:57,744 [trainer.py] => reduce_batch_size: False
2024-06-20 19:26:57,744 [trainer.py] => init_epochs: 200
2024-06-20 19:26:57,744 [trainer.py] => init_lr: 0.1
2024-06-20 19:26:57,744 [trainer.py] => init_weight_decay: 0.0005
2024-06-20 19:26:57,744 [trainer.py] => expansion_epochs: 170
2024-06-20 19:26:57,744 [trainer.py] => fusion_epochs: 60
2024-06-20 19:26:57,744 [trainer.py] => lr: 0.1
2024-06-20 19:26:57,745 [trainer.py] => batch_size: 128
2024-06-20 19:26:57,745 [trainer.py] => weight_decay: 0.0005
2024-06-20 19:26:57,745 [trainer.py] => num_workers: 8
2024-06-20 19:26:57,745 [trainer.py] => T: 2
2024-06-20 19:32:12,872 [trainer.py] => config: ./configs/beef/tiny-imagenet-50-10.json
2024-06-20 19:32:12,872 [trainer.py] => prefix: fusion-energy-0.01-1.7-fixed
2024-06-20 19:32:12,872 [trainer.py] => dataset: tiny-imagenet-200
2024-06-20 19:32:12,873 [trainer.py] => memory_size: 2000
2024-06-20 19:32:12,873 [trainer.py] => memory_per_class: 20
2024-06-20 19:32:12,873 [trainer.py] => fixed_memory: True
2024-06-20 19:32:12,873 [trainer.py] => shuffle: True
2024-06-20 19:32:12,873 [trainer.py] => init_cls: 50
2024-06-20 19:32:12,873 [trainer.py] => increment: 10
2024-06-20 19:32:12,873 [trainer.py] => model_name: beefiso
2024-06-20 19:32:12,874 [trainer.py] => convnet_type: resnet32
2024-06-20 19:32:12,874 [trainer.py] => device: [device(type='cuda', index=0)]
2024-06-20 19:32:12,874 [trainer.py] => seed: 1993
2024-06-20 19:32:12,874 [trainer.py] => logits_alignment: 1.7
2024-06-20 19:32:12,874 [trainer.py] => energy_weight: 0.01
2024-06-20 19:32:12,874 [trainer.py] => is_compress: False
2024-06-20 19:32:12,874 [trainer.py] => reduce_batch_size: False
2024-06-20 19:32:12,875 [trainer.py] => init_epochs: 200
2024-06-20 19:32:12,875 [trainer.py] => init_lr: 0.1
2024-06-20 19:32:12,875 [trainer.py] => init_weight_decay: 0.0005
2024-06-20 19:32:12,875 [trainer.py] => expansion_epochs: 170
2024-06-20 19:32:12,875 [trainer.py] => fusion_epochs: 60
2024-06-20 19:32:12,875 [trainer.py] => lr: 0.1
2024-06-20 19:32:12,875 [trainer.py] => batch_size: 128
2024-06-20 19:32:12,876 [trainer.py] => weight_decay: 0.0005
2024-06-20 19:32:12,876 [trainer.py] => num_workers: 8
2024-06-20 19:32:12,876 [trainer.py] => T: 2
2024-06-20 19:32:13,641 [data_manager.py] => [168, 136, 51, 9, 183, 101, 171, 99, 42, 159, 191, 70, 16, 188, 27, 10, 175, 26, 68, 187, 98, 6, 85, 35, 112, 43, 100, 0, 103, 181, 88, 59, 4, 2, 116, 174, 94, 80, 106, 1, 147, 17, 141, 131, 72, 23, 173, 54, 197, 118, 87, 32, 79, 104, 91, 19, 135, 107, 178, 36, 11, 199, 142, 8, 122, 3, 28, 57, 153, 172, 190, 56, 49, 44, 97, 62, 151, 169, 194, 55, 192, 12, 189, 78, 66, 180, 15, 137, 109, 134, 92, 119, 126, 52, 170, 40, 148, 65, 144, 64, 138, 45, 77, 89, 154, 90, 71, 193, 74, 30, 113, 143, 96, 84, 67, 50, 186, 156, 69, 21, 18, 111, 108, 58, 125, 157, 150, 110, 182, 129, 166, 83, 81, 60, 13, 165, 14, 176, 63, 117, 5, 22, 145, 121, 38, 41, 82, 127, 114, 20, 31, 53, 37, 163, 196, 130, 152, 162, 86, 76, 24, 34, 184, 149, 33, 128, 198, 155, 146, 167, 139, 120, 140, 102, 47, 25, 158, 123, 46, 164, 61, 7, 115, 75, 133, 160, 105, 132, 179, 124, 48, 73, 93, 39, 95, 195, 29, 177, 185, 161]
2024-06-20 19:46:42,227 [trainer.py] => config: ./configs/beef/tiny-imagenet-50-10.json
2024-06-20 19:46:42,227 [trainer.py] => prefix: fusion-energy-0.01-1.7-fixed
2024-06-20 19:46:42,227 [trainer.py] => dataset: tiny-imagenet-200
2024-06-20 19:46:42,227 [trainer.py] => memory_size: 2000
2024-06-20 19:46:42,227 [trainer.py] => memory_per_class: 20
2024-06-20 19:46:42,227 [trainer.py] => fixed_memory: True
2024-06-20 19:46:42,228 [trainer.py] => shuffle: True
2024-06-20 19:46:42,228 [trainer.py] => init_cls: 50
2024-06-20 19:46:42,228 [trainer.py] => increment: 10
2024-06-20 19:46:42,228 [trainer.py] => model_name: beefiso
2024-06-20 19:46:42,228 [trainer.py] => convnet_type: resnet32
2024-06-20 19:46:42,228 [trainer.py] => device: [device(type='cuda', index=0)]
2024-06-20 19:46:42,228 [trainer.py] => seed: 1993
2024-06-20 19:46:42,229 [trainer.py] => logits_alignment: 1.7
2024-06-20 19:46:42,229 [trainer.py] => energy_weight: 0.01
2024-06-20 19:46:42,229 [trainer.py] => is_compress: False
2024-06-20 19:46:42,229 [trainer.py] => reduce_batch_size: False
2024-06-20 19:46:42,229 [trainer.py] => init_epochs: 200
2024-06-20 19:46:42,230 [trainer.py] => init_lr: 0.1
2024-06-20 19:46:42,230 [trainer.py] => init_weight_decay: 0.0005
2024-06-20 19:46:42,230 [trainer.py] => expansion_epochs: 170
2024-06-20 19:46:42,230 [trainer.py] => fusion_epochs: 60
2024-06-20 19:46:42,230 [trainer.py] => lr: 0.1
2024-06-20 19:46:42,230 [trainer.py] => batch_size: 128
2024-06-20 19:46:42,230 [trainer.py] => weight_decay: 0.0005
2024-06-20 19:46:42,230 [trainer.py] => num_workers: 8
2024-06-20 19:46:42,231 [trainer.py] => T: 2
2024-06-20 19:46:43,013 [data_manager.py] => [168, 136, 51, 9, 183, 101, 171, 99, 42, 159, 191, 70, 16, 188, 27, 10, 175, 26, 68, 187, 98, 6, 85, 35, 112, 43, 100, 0, 103, 181, 88, 59, 4, 2, 116, 174, 94, 80, 106, 1, 147, 17, 141, 131, 72, 23, 173, 54, 197, 118, 87, 32, 79, 104, 91, 19, 135, 107, 178, 36, 11, 199, 142, 8, 122, 3, 28, 57, 153, 172, 190, 56, 49, 44, 97, 62, 151, 169, 194, 55, 192, 12, 189, 78, 66, 180, 15, 137, 109, 134, 92, 119, 126, 52, 170, 40, 148, 65, 144, 64, 138, 45, 77, 89, 154, 90, 71, 193, 74, 30, 113, 143, 96, 84, 67, 50, 186, 156, 69, 21, 18, 111, 108, 58, 125, 157, 150, 110, 182, 129, 166, 83, 81, 60, 13, 165, 14, 176, 63, 117, 5, 22, 145, 121, 38, 41, 82, 127, 114, 20, 31, 53, 37, 163, 196, 130, 152, 162, 86, 76, 24, 34, 184, 149, 33, 128, 198, 155, 146, 167, 139, 120, 140, 102, 47, 25, 158, 123, 46, 164, 61, 7, 115, 75, 133, 160, 105, 132, 179, 124, 48, 73, 93, 39, 95, 195, 29, 177, 185, 161]
2024-06-20 19:47:23,724 [trainer.py] => config: ./configs/beef/tiny-imagenet-50-10.json
2024-06-20 19:47:23,724 [trainer.py] => prefix: fusion-energy-0.01-1.7-fixed
2024-06-20 19:47:23,724 [trainer.py] => dataset: tiny-imagenet-200
2024-06-20 19:47:23,724 [trainer.py] => memory_size: 2000
2024-06-20 19:47:23,725 [trainer.py] => memory_per_class: 20
2024-06-20 19:47:23,725 [trainer.py] => fixed_memory: True
2024-06-20 19:47:23,725 [trainer.py] => shuffle: True
2024-06-20 19:47:23,725 [trainer.py] => init_cls: 50
2024-06-20 19:47:23,725 [trainer.py] => increment: 10
2024-06-20 19:47:23,725 [trainer.py] => model_name: beefiso
2024-06-20 19:47:23,725 [trainer.py] => convnet_type: resnet32
2024-06-20 19:47:23,726 [trainer.py] => device: [device(type='cuda', index=0)]
2024-06-20 19:47:23,726 [trainer.py] => seed: 1993
2024-06-20 19:47:23,726 [trainer.py] => logits_alignment: 1.7
2024-06-20 19:47:23,726 [trainer.py] => energy_weight: 0.01
2024-06-20 19:47:23,726 [trainer.py] => is_compress: False
2024-06-20 19:47:23,726 [trainer.py] => reduce_batch_size: False
2024-06-20 19:47:23,727 [trainer.py] => init_epochs: 200
2024-06-20 19:47:23,727 [trainer.py] => init_lr: 0.1
2024-06-20 19:47:23,727 [trainer.py] => init_weight_decay: 0.0005
2024-06-20 19:47:23,727 [trainer.py] => expansion_epochs: 170
2024-06-20 19:47:23,727 [trainer.py] => fusion_epochs: 60
2024-06-20 19:47:23,727 [trainer.py] => lr: 0.1
2024-06-20 19:47:23,727 [trainer.py] => batch_size: 128
2024-06-20 19:47:23,728 [trainer.py] => weight_decay: 0.0005
2024-06-20 19:47:23,728 [trainer.py] => num_workers: 8
2024-06-20 19:47:23,728 [trainer.py] => T: 2
2024-06-20 19:47:24,515 [data_manager.py] => [168, 136, 51, 9, 183, 101, 171, 99, 42, 159, 191, 70, 16, 188, 27, 10, 175, 26, 68, 187, 98, 6, 85, 35, 112, 43, 100, 0, 103, 181, 88, 59, 4, 2, 116, 174, 94, 80, 106, 1, 147, 17, 141, 131, 72, 23, 173, 54, 197, 118, 87, 32, 79, 104, 91, 19, 135, 107, 178, 36, 11, 199, 142, 8, 122, 3, 28, 57, 153, 172, 190, 56, 49, 44, 97, 62, 151, 169, 194, 55, 192, 12, 189, 78, 66, 180, 15, 137, 109, 134, 92, 119, 126, 52, 170, 40, 148, 65, 144, 64, 138, 45, 77, 89, 154, 90, 71, 193, 74, 30, 113, 143, 96, 84, 67, 50, 186, 156, 69, 21, 18, 111, 108, 58, 125, 157, 150, 110, 182, 129, 166, 83, 81, 60, 13, 165, 14, 176, 63, 117, 5, 22, 145, 121, 38, 41, 82, 127, 114, 20, 31, 53, 37, 163, 196, 130, 152, 162, 86, 76, 24, 34, 184, 149, 33, 128, 198, 155, 146, 167, 139, 120, 140, 102, 47, 25, 158, 123, 46, 164, 61, 7, 115, 75, 133, 160, 105, 132, 179, 124, 48, 73, 93, 39, 95, 195, 29, 177, 185, 161]
2024-06-20 19:47:40,634 [trainer.py] => config: ./configs/beef/tiny-imagenet-50-10.json
2024-06-20 19:47:40,635 [trainer.py] => prefix: fusion-energy-0.01-1.7-fixed
2024-06-20 19:47:40,635 [trainer.py] => dataset: tiny-imagenet-200
2024-06-20 19:47:40,635 [trainer.py] => memory_size: 2000
2024-06-20 19:47:40,635 [trainer.py] => memory_per_class: 20
2024-06-20 19:47:40,635 [trainer.py] => fixed_memory: True
2024-06-20 19:47:40,635 [trainer.py] => shuffle: True
2024-06-20 19:47:40,636 [trainer.py] => init_cls: 50
2024-06-20 19:47:40,636 [trainer.py] => increment: 10
2024-06-20 19:47:40,636 [trainer.py] => model_name: beefiso
2024-06-20 19:47:40,636 [trainer.py] => convnet_type: resnet32
2024-06-20 19:47:40,636 [trainer.py] => device: [device(type='cuda', index=0)]
2024-06-20 19:47:40,636 [trainer.py] => seed: 1993
2024-06-20 19:47:40,636 [trainer.py] => logits_alignment: 1.7
2024-06-20 19:47:40,637 [trainer.py] => energy_weight: 0.01
2024-06-20 19:47:40,637 [trainer.py] => is_compress: False
2024-06-20 19:47:40,637 [trainer.py] => reduce_batch_size: False
2024-06-20 19:47:40,637 [trainer.py] => init_epochs: 200
2024-06-20 19:47:40,637 [trainer.py] => init_lr: 0.1
2024-06-20 19:47:40,637 [trainer.py] => init_weight_decay: 0.0005
2024-06-20 19:47:40,638 [trainer.py] => expansion_epochs: 170
2024-06-20 19:47:40,638 [trainer.py] => fusion_epochs: 60
2024-06-20 19:47:40,638 [trainer.py] => lr: 0.1
2024-06-20 19:47:40,638 [trainer.py] => batch_size: 128
2024-06-20 19:47:40,638 [trainer.py] => weight_decay: 0.0005
2024-06-20 19:47:40,638 [trainer.py] => num_workers: 8
2024-06-20 19:47:40,638 [trainer.py] => T: 2
2024-06-20 19:47:41,418 [data_manager.py] => [168, 136, 51, 9, 183, 101, 171, 99, 42, 159, 191, 70, 16, 188, 27, 10, 175, 26, 68, 187, 98, 6, 85, 35, 112, 43, 100, 0, 103, 181, 88, 59, 4, 2, 116, 174, 94, 80, 106, 1, 147, 17, 141, 131, 72, 23, 173, 54, 197, 118, 87, 32, 79, 104, 91, 19, 135, 107, 178, 36, 11, 199, 142, 8, 122, 3, 28, 57, 153, 172, 190, 56, 49, 44, 97, 62, 151, 169, 194, 55, 192, 12, 189, 78, 66, 180, 15, 137, 109, 134, 92, 119, 126, 52, 170, 40, 148, 65, 144, 64, 138, 45, 77, 89, 154, 90, 71, 193, 74, 30, 113, 143, 96, 84, 67, 50, 186, 156, 69, 21, 18, 111, 108, 58, 125, 157, 150, 110, 182, 129, 166, 83, 81, 60, 13, 165, 14, 176, 63, 117, 5, 22, 145, 121, 38, 41, 82, 127, 114, 20, 31, 53, 37, 163, 196, 130, 152, 162, 86, 76, 24, 34, 184, 149, 33, 128, 198, 155, 146, 167, 139, 120, 140, 102, 47, 25, 158, 123, 46, 164, 61, 7, 115, 75, 133, 160, 105, 132, 179, 124, 48, 73, 93, 39, 95, 195, 29, 177, 185, 161]
2024-06-20 19:48:48,137 [trainer.py] => config: ./configs/beef/tiny-imagenet-50-10.json
2024-06-20 19:48:48,138 [trainer.py] => prefix: fusion-energy-0.01-1.7-fixed
2024-06-20 19:48:48,138 [trainer.py] => dataset: tiny-imagenet-200
2024-06-20 19:48:48,138 [trainer.py] => memory_size: 2000
2024-06-20 19:48:48,138 [trainer.py] => memory_per_class: 20
2024-06-20 19:48:48,138 [trainer.py] => fixed_memory: True
2024-06-20 19:48:48,138 [trainer.py] => shuffle: True
2024-06-20 19:48:48,138 [trainer.py] => init_cls: 50
2024-06-20 19:48:48,139 [trainer.py] => increment: 10
2024-06-20 19:48:48,139 [trainer.py] => model_name: beefiso
2024-06-20 19:48:48,139 [trainer.py] => convnet_type: resnet32
2024-06-20 19:48:48,139 [trainer.py] => device: [device(type='cuda', index=0)]
2024-06-20 19:48:48,139 [trainer.py] => seed: 1993
2024-06-20 19:48:48,139 [trainer.py] => logits_alignment: 1.7
2024-06-20 19:48:48,140 [trainer.py] => energy_weight: 0.01
2024-06-20 19:48:48,140 [trainer.py] => is_compress: False
2024-06-20 19:48:48,140 [trainer.py] => reduce_batch_size: False
2024-06-20 19:48:48,140 [trainer.py] => init_epochs: 200
2024-06-20 19:48:48,140 [trainer.py] => init_lr: 0.1
2024-06-20 19:48:48,140 [trainer.py] => init_weight_decay: 0.0005
2024-06-20 19:48:48,140 [trainer.py] => expansion_epochs: 170
2024-06-20 19:48:48,141 [trainer.py] => fusion_epochs: 60
2024-06-20 19:48:48,141 [trainer.py] => lr: 0.1
2024-06-20 19:48:48,141 [trainer.py] => batch_size: 128
2024-06-20 19:48:48,141 [trainer.py] => weight_decay: 0.0005
2024-06-20 19:48:48,141 [trainer.py] => num_workers: 8
2024-06-20 19:48:48,141 [trainer.py] => T: 2
2024-06-20 19:48:48,923 [data_manager.py] => [168, 136, 51, 9, 183, 101, 171, 99, 42, 159, 191, 70, 16, 188, 27, 10, 175, 26, 68, 187, 98, 6, 85, 35, 112, 43, 100, 0, 103, 181, 88, 59, 4, 2, 116, 174, 94, 80, 106, 1, 147, 17, 141, 131, 72, 23, 173, 54, 197, 118, 87, 32, 79, 104, 91, 19, 135, 107, 178, 36, 11, 199, 142, 8, 122, 3, 28, 57, 153, 172, 190, 56, 49, 44, 97, 62, 151, 169, 194, 55, 192, 12, 189, 78, 66, 180, 15, 137, 109, 134, 92, 119, 126, 52, 170, 40, 148, 65, 144, 64, 138, 45, 77, 89, 154, 90, 71, 193, 74, 30, 113, 143, 96, 84, 67, 50, 186, 156, 69, 21, 18, 111, 108, 58, 125, 157, 150, 110, 182, 129, 166, 83, 81, 60, 13, 165, 14, 176, 63, 117, 5, 22, 145, 121, 38, 41, 82, 127, 114, 20, 31, 53, 37, 163, 196, 130, 152, 162, 86, 76, 24, 34, 184, 149, 33, 128, 198, 155, 146, 167, 139, 120, 140, 102, 47, 25, 158, 123, 46, 164, 61, 7, 115, 75, 133, 160, 105, 132, 179, 124, 48, 73, 93, 39, 95, 195, 29, 177, 185, 161]
2024-06-20 19:49:24,227 [trainer.py] => config: ./configs/beef/tiny-imagenet-50-10.json
2024-06-20 19:49:24,228 [trainer.py] => prefix: fusion-energy-0.01-1.7-fixed
2024-06-20 19:49:24,229 [trainer.py] => dataset: tiny-imagenet-200
2024-06-20 19:49:24,229 [trainer.py] => memory_size: 2000
2024-06-20 19:49:24,229 [trainer.py] => memory_per_class: 20
2024-06-20 19:49:24,229 [trainer.py] => fixed_memory: True
2024-06-20 19:49:24,229 [trainer.py] => shuffle: True
2024-06-20 19:49:24,229 [trainer.py] => init_cls: 50
2024-06-20 19:49:24,230 [trainer.py] => increment: 10
2024-06-20 19:49:24,230 [trainer.py] => model_name: beefiso
2024-06-20 19:49:24,230 [trainer.py] => convnet_type: resnet32
2024-06-20 19:49:24,230 [trainer.py] => device: [device(type='cuda', index=0)]
2024-06-20 19:49:24,230 [trainer.py] => seed: 1993
2024-06-20 19:49:24,230 [trainer.py] => logits_alignment: 1.7
2024-06-20 19:49:24,230 [trainer.py] => energy_weight: 0.01
2024-06-20 19:49:24,231 [trainer.py] => is_compress: False
2024-06-20 19:49:24,231 [trainer.py] => reduce_batch_size: False
2024-06-20 19:49:24,231 [trainer.py] => init_epochs: 200
2024-06-20 19:49:24,231 [trainer.py] => init_lr: 0.1
2024-06-20 19:49:24,231 [trainer.py] => init_weight_decay: 0.0005
2024-06-20 19:49:24,231 [trainer.py] => expansion_epochs: 170
2024-06-20 19:49:24,231 [trainer.py] => fusion_epochs: 60
2024-06-20 19:49:24,231 [trainer.py] => lr: 0.1
2024-06-20 19:49:24,232 [trainer.py] => batch_size: 128
2024-06-20 19:49:24,232 [trainer.py] => weight_decay: 0.0005
2024-06-20 19:49:24,232 [trainer.py] => num_workers: 8
2024-06-20 19:49:24,232 [trainer.py] => T: 2
2024-06-20 19:49:25,010 [data_manager.py] => [168, 136, 51, 9, 183, 101, 171, 99, 42, 159, 191, 70, 16, 188, 27, 10, 175, 26, 68, 187, 98, 6, 85, 35, 112, 43, 100, 0, 103, 181, 88, 59, 4, 2, 116, 174, 94, 80, 106, 1, 147, 17, 141, 131, 72, 23, 173, 54, 197, 118, 87, 32, 79, 104, 91, 19, 135, 107, 178, 36, 11, 199, 142, 8, 122, 3, 28, 57, 153, 172, 190, 56, 49, 44, 97, 62, 151, 169, 194, 55, 192, 12, 189, 78, 66, 180, 15, 137, 109, 134, 92, 119, 126, 52, 170, 40, 148, 65, 144, 64, 138, 45, 77, 89, 154, 90, 71, 193, 74, 30, 113, 143, 96, 84, 67, 50, 186, 156, 69, 21, 18, 111, 108, 58, 125, 157, 150, 110, 182, 129, 166, 83, 81, 60, 13, 165, 14, 176, 63, 117, 5, 22, 145, 121, 38, 41, 82, 127, 114, 20, 31, 53, 37, 163, 196, 130, 152, 162, 86, 76, 24, 34, 184, 149, 33, 128, 198, 155, 146, 167, 139, 120, 140, 102, 47, 25, 158, 123, 46, 164, 61, 7, 115, 75, 133, 160, 105, 132, 179, 124, 48, 73, 93, 39, 95, 195, 29, 177, 185, 161]
2024-06-20 19:51:01,653 [trainer.py] => config: ./configs/beef/tiny-imagenet-50-10.json
2024-06-20 19:51:01,654 [trainer.py] => prefix: fusion-energy-0.01-1.7-fixed
2024-06-20 19:51:01,654 [trainer.py] => dataset: tiny-imagenet-200
2024-06-20 19:51:01,655 [trainer.py] => memory_size: 2000
2024-06-20 19:51:01,655 [trainer.py] => memory_per_class: 20
2024-06-20 19:51:01,655 [trainer.py] => fixed_memory: True
2024-06-20 19:51:01,655 [trainer.py] => shuffle: True
2024-06-20 19:51:01,655 [trainer.py] => init_cls: 50
2024-06-20 19:51:01,655 [trainer.py] => increment: 10
2024-06-20 19:51:01,656 [trainer.py] => model_name: beefiso
2024-06-20 19:51:01,656 [trainer.py] => convnet_type: resnet32
2024-06-20 19:51:01,656 [trainer.py] => device: [device(type='cuda', index=0)]
2024-06-20 19:51:01,656 [trainer.py] => seed: 1993
2024-06-20 19:51:01,656 [trainer.py] => logits_alignment: 1.7
2024-06-20 19:51:01,656 [trainer.py] => energy_weight: 0.01
2024-06-20 19:51:01,656 [trainer.py] => is_compress: False
2024-06-20 19:51:01,657 [trainer.py] => reduce_batch_size: False
2024-06-20 19:51:01,657 [trainer.py] => init_epochs: 200
2024-06-20 19:51:01,657 [trainer.py] => init_lr: 0.1
2024-06-20 19:51:01,657 [trainer.py] => init_weight_decay: 0.0005
2024-06-20 19:51:01,657 [trainer.py] => expansion_epochs: 170
2024-06-20 19:51:01,657 [trainer.py] => fusion_epochs: 60
2024-06-20 19:51:01,657 [trainer.py] => lr: 0.1
2024-06-20 19:51:01,657 [trainer.py] => batch_size: 128
2024-06-20 19:51:01,658 [trainer.py] => weight_decay: 0.0005
2024-06-20 19:51:01,658 [trainer.py] => num_workers: 8
2024-06-20 19:51:01,658 [trainer.py] => T: 2
2024-06-20 19:51:02,444 [data_manager.py] => [168, 136, 51, 9, 183, 101, 171, 99, 42, 159, 191, 70, 16, 188, 27, 10, 175, 26, 68, 187, 98, 6, 85, 35, 112, 43, 100, 0, 103, 181, 88, 59, 4, 2, 116, 174, 94, 80, 106, 1, 147, 17, 141, 131, 72, 23, 173, 54, 197, 118, 87, 32, 79, 104, 91, 19, 135, 107, 178, 36, 11, 199, 142, 8, 122, 3, 28, 57, 153, 172, 190, 56, 49, 44, 97, 62, 151, 169, 194, 55, 192, 12, 189, 78, 66, 180, 15, 137, 109, 134, 92, 119, 126, 52, 170, 40, 148, 65, 144, 64, 138, 45, 77, 89, 154, 90, 71, 193, 74, 30, 113, 143, 96, 84, 67, 50, 186, 156, 69, 21, 18, 111, 108, 58, 125, 157, 150, 110, 182, 129, 166, 83, 81, 60, 13, 165, 14, 176, 63, 117, 5, 22, 145, 121, 38, 41, 82, 127, 114, 20, 31, 53, 37, 163, 196, 130, 152, 162, 86, 76, 24, 34, 184, 149, 33, 128, 198, 155, 146, 167, 139, 120, 140, 102, 47, 25, 158, 123, 46, 164, 61, 7, 115, 75, 133, 160, 105, 132, 179, 124, 48, 73, 93, 39, 95, 195, 29, 177, 185, 161]
2024-06-20 19:54:28,524 [trainer.py] => config: ./configs/beef/tiny-imagenet-50-10.json
2024-06-20 19:54:28,524 [trainer.py] => prefix: fusion-energy-0.01-1.7-fixed
2024-06-20 19:54:28,525 [trainer.py] => dataset: tiny-imagenet-200
2024-06-20 19:54:28,525 [trainer.py] => memory_size: 2000
2024-06-20 19:54:28,525 [trainer.py] => memory_per_class: 20
2024-06-20 19:54:28,525 [trainer.py] => fixed_memory: True
2024-06-20 19:54:28,525 [trainer.py] => shuffle: True
2024-06-20 19:54:28,525 [trainer.py] => init_cls: 50
2024-06-20 19:54:28,525 [trainer.py] => increment: 10
2024-06-20 19:54:28,526 [trainer.py] => model_name: beefiso
2024-06-20 19:54:28,526 [trainer.py] => convnet_type: resnet32
2024-06-20 19:54:28,526 [trainer.py] => device: [device(type='cuda', index=0)]
2024-06-20 19:54:28,526 [trainer.py] => seed: 1993
2024-06-20 19:54:28,526 [trainer.py] => logits_alignment: 1.7
2024-06-20 19:54:28,526 [trainer.py] => energy_weight: 0.01
2024-06-20 19:54:28,527 [trainer.py] => is_compress: False
2024-06-20 19:54:28,527 [trainer.py] => reduce_batch_size: False
2024-06-20 19:54:28,527 [trainer.py] => init_epochs: 200
2024-06-20 19:54:28,527 [trainer.py] => init_lr: 0.1
2024-06-20 19:54:28,527 [trainer.py] => init_weight_decay: 0.0005
2024-06-20 19:54:28,527 [trainer.py] => expansion_epochs: 170
2024-06-20 19:54:28,527 [trainer.py] => fusion_epochs: 60
2024-06-20 19:54:28,527 [trainer.py] => lr: 0.1
2024-06-20 19:54:28,528 [trainer.py] => batch_size: 128
2024-06-20 19:54:28,528 [trainer.py] => weight_decay: 0.0005
2024-06-20 19:54:28,528 [trainer.py] => num_workers: 8
2024-06-20 19:54:28,528 [trainer.py] => T: 2
2024-06-20 19:54:29,289 [data_manager.py] => [168, 136, 51, 9, 183, 101, 171, 99, 42, 159, 191, 70, 16, 188, 27, 10, 175, 26, 68, 187, 98, 6, 85, 35, 112, 43, 100, 0, 103, 181, 88, 59, 4, 2, 116, 174, 94, 80, 106, 1, 147, 17, 141, 131, 72, 23, 173, 54, 197, 118, 87, 32, 79, 104, 91, 19, 135, 107, 178, 36, 11, 199, 142, 8, 122, 3, 28, 57, 153, 172, 190, 56, 49, 44, 97, 62, 151, 169, 194, 55, 192, 12, 189, 78, 66, 180, 15, 137, 109, 134, 92, 119, 126, 52, 170, 40, 148, 65, 144, 64, 138, 45, 77, 89, 154, 90, 71, 193, 74, 30, 113, 143, 96, 84, 67, 50, 186, 156, 69, 21, 18, 111, 108, 58, 125, 157, 150, 110, 182, 129, 166, 83, 81, 60, 13, 165, 14, 176, 63, 117, 5, 22, 145, 121, 38, 41, 82, 127, 114, 20, 31, 53, 37, 163, 196, 130, 152, 162, 86, 76, 24, 34, 184, 149, 33, 128, 198, 155, 146, 167, 139, 120, 140, 102, 47, 25, 158, 123, 46, 164, 61, 7, 115, 75, 133, 160, 105, 132, 179, 124, 48, 73, 93, 39, 95, 195, 29, 177, 185, 161]
2024-06-20 20:24:39,509 [trainer.py] => config: ./configs/beef/tiny-imagenet-50-10.json
2024-06-20 20:24:39,510 [trainer.py] => prefix: fusion-energy-0.01-1.7-fixed
2024-06-20 20:24:39,510 [trainer.py] => dataset: tiny-imagenet-200
2024-06-20 20:24:39,510 [trainer.py] => memory_size: 2000
2024-06-20 20:24:39,510 [trainer.py] => memory_per_class: 20
2024-06-20 20:24:39,510 [trainer.py] => fixed_memory: True
2024-06-20 20:24:39,510 [trainer.py] => shuffle: True
2024-06-20 20:24:39,511 [trainer.py] => init_cls: 50
2024-06-20 20:24:39,511 [trainer.py] => increment: 10
2024-06-20 20:24:39,511 [trainer.py] => model_name: beefiso
2024-06-20 20:24:39,511 [trainer.py] => convnet_type: resnet32
2024-06-20 20:24:39,511 [trainer.py] => device: [device(type='cuda', index=0)]
2024-06-20 20:24:39,511 [trainer.py] => seed: 1993
2024-06-20 20:24:39,511 [trainer.py] => logits_alignment: 1.7
2024-06-20 20:24:39,512 [trainer.py] => energy_weight: 0.01
2024-06-20 20:24:39,512 [trainer.py] => is_compress: False
2024-06-20 20:24:39,512 [trainer.py] => reduce_batch_size: False
2024-06-20 20:24:39,512 [trainer.py] => init_epochs: 200
2024-06-20 20:24:39,512 [trainer.py] => init_lr: 0.1
2024-06-20 20:24:39,512 [trainer.py] => init_weight_decay: 0.0005
2024-06-20 20:24:39,512 [trainer.py] => expansion_epochs: 170
2024-06-20 20:24:39,513 [trainer.py] => fusion_epochs: 60
2024-06-20 20:24:39,513 [trainer.py] => lr: 0.1
2024-06-20 20:24:39,513 [trainer.py] => batch_size: 128
2024-06-20 20:24:39,513 [trainer.py] => weight_decay: 0.0005
2024-06-20 20:24:39,513 [trainer.py] => num_workers: 8
2024-06-20 20:24:39,513 [trainer.py] => T: 2
2024-06-20 20:24:40,280 [data_manager.py] => [168, 136, 51, 9, 183, 101, 171, 99, 42, 159, 191, 70, 16, 188, 27, 10, 175, 26, 68, 187, 98, 6, 85, 35, 112, 43, 100, 0, 103, 181, 88, 59, 4, 2, 116, 174, 94, 80, 106, 1, 147, 17, 141, 131, 72, 23, 173, 54, 197, 118, 87, 32, 79, 104, 91, 19, 135, 107, 178, 36, 11, 199, 142, 8, 122, 3, 28, 57, 153, 172, 190, 56, 49, 44, 97, 62, 151, 169, 194, 55, 192, 12, 189, 78, 66, 180, 15, 137, 109, 134, 92, 119, 126, 52, 170, 40, 148, 65, 144, 64, 138, 45, 77, 89, 154, 90, 71, 193, 74, 30, 113, 143, 96, 84, 67, 50, 186, 156, 69, 21, 18, 111, 108, 58, 125, 157, 150, 110, 182, 129, 166, 83, 81, 60, 13, 165, 14, 176, 63, 117, 5, 22, 145, 121, 38, 41, 82, 127, 114, 20, 31, 53, 37, 163, 196, 130, 152, 162, 86, 76, 24, 34, 184, 149, 33, 128, 198, 155, 146, 167, 139, 120, 140, 102, 47, 25, 158, 123, 46, 164, 61, 7, 115, 75, 133, 160, 105, 132, 179, 124, 48, 73, 93, 39, 95, 195, 29, 177, 185, 161]
2024-06-20 22:57:20,241 [trainer.py] => config: ./configs/beef/tiny-imagenet-50-10.json
2024-06-20 22:57:20,242 [trainer.py] => prefix: fusion-energy-0.01-1.7-fixed
2024-06-20 22:57:20,242 [trainer.py] => dataset: tiny-imagenet-200
2024-06-20 22:57:20,242 [trainer.py] => memory_size: 2000
2024-06-20 22:57:20,242 [trainer.py] => memory_per_class: 20
2024-06-20 22:57:20,242 [trainer.py] => fixed_memory: True
2024-06-20 22:57:20,242 [trainer.py] => shuffle: True
2024-06-20 22:57:20,242 [trainer.py] => init_cls: 50
2024-06-20 22:57:20,243 [trainer.py] => increment: 10
2024-06-20 22:57:20,243 [trainer.py] => model_name: beefiso
2024-06-20 22:57:20,243 [trainer.py] => convnet_type: resnet32
2024-06-20 22:57:20,243 [trainer.py] => device: [device(type='cuda', index=0)]
2024-06-20 22:57:20,243 [trainer.py] => seed: 1993
2024-06-20 22:57:20,244 [trainer.py] => logits_alignment: 1.7
2024-06-20 22:57:20,244 [trainer.py] => energy_weight: 0.01
2024-06-20 22:57:20,244 [trainer.py] => is_compress: False
2024-06-20 22:57:20,244 [trainer.py] => reduce_batch_size: False
2024-06-20 22:57:20,244 [trainer.py] => init_epochs: 200
2024-06-20 22:57:20,245 [trainer.py] => init_lr: 0.1
2024-06-20 22:57:20,245 [trainer.py] => init_weight_decay: 0.0005
2024-06-20 22:57:20,245 [trainer.py] => expansion_epochs: 170
2024-06-20 22:57:20,245 [trainer.py] => fusion_epochs: 60
2024-06-20 22:57:20,245 [trainer.py] => lr: 0.1
2024-06-20 22:57:20,245 [trainer.py] => batch_size: 128
2024-06-20 22:57:20,246 [trainer.py] => weight_decay: 0.0005
2024-06-20 22:57:20,246 [trainer.py] => num_workers: 8
2024-06-20 22:57:20,246 [trainer.py] => T: 2
2024-06-20 22:57:42,993 [trainer.py] => config: ./configs/beef/tiny-imagenet-50-10.json
2024-06-20 22:57:42,994 [trainer.py] => prefix: fusion-energy-0.01-1.7-fixed
2024-06-20 22:57:42,994 [trainer.py] => dataset: tiny-imagenet-200
2024-06-20 22:57:42,994 [trainer.py] => memory_size: 2000
2024-06-20 22:57:42,994 [trainer.py] => memory_per_class: 20
2024-06-20 22:57:42,995 [trainer.py] => fixed_memory: True
2024-06-20 22:57:42,995 [trainer.py] => shuffle: True
2024-06-20 22:57:42,995 [trainer.py] => init_cls: 50
2024-06-20 22:57:42,995 [trainer.py] => increment: 10
2024-06-20 22:57:42,995 [trainer.py] => model_name: beefiso
2024-06-20 22:57:42,995 [trainer.py] => convnet_type: resnet32
2024-06-20 22:57:42,996 [trainer.py] => device: [device(type='cuda', index=0)]
2024-06-20 22:57:42,996 [trainer.py] => seed: 1993
2024-06-20 22:57:42,996 [trainer.py] => logits_alignment: 1.7
2024-06-20 22:57:42,996 [trainer.py] => energy_weight: 0.01
2024-06-20 22:57:42,996 [trainer.py] => is_compress: False
2024-06-20 22:57:42,996 [trainer.py] => reduce_batch_size: False
2024-06-20 22:57:42,997 [trainer.py] => init_epochs: 200
2024-06-20 22:57:42,997 [trainer.py] => init_lr: 0.1
2024-06-20 22:57:42,997 [trainer.py] => init_weight_decay: 0.0005
2024-06-20 22:57:42,997 [trainer.py] => expansion_epochs: 170
2024-06-20 22:57:42,998 [trainer.py] => fusion_epochs: 60
2024-06-20 22:57:42,998 [trainer.py] => lr: 0.1
2024-06-20 22:57:42,998 [trainer.py] => batch_size: 128
2024-06-20 22:57:42,998 [trainer.py] => weight_decay: 0.0005
2024-06-20 22:57:42,998 [trainer.py] => num_workers: 8
2024-06-20 22:57:42,999 [trainer.py] => T: 2
2024-06-20 22:57:44,490 [data_manager.py] => [168, 136, 51, 9, 183, 101, 171, 99, 42, 159, 191, 70, 16, 188, 27, 10, 175, 26, 68, 187, 98, 6, 85, 35, 112, 43, 100, 0, 103, 181, 88, 59, 4, 2, 116, 174, 94, 80, 106, 1, 147, 17, 141, 131, 72, 23, 173, 54, 197, 118, 87, 32, 79, 104, 91, 19, 135, 107, 178, 36, 11, 199, 142, 8, 122, 3, 28, 57, 153, 172, 190, 56, 49, 44, 97, 62, 151, 169, 194, 55, 192, 12, 189, 78, 66, 180, 15, 137, 109, 134, 92, 119, 126, 52, 170, 40, 148, 65, 144, 64, 138, 45, 77, 89, 154, 90, 71, 193, 74, 30, 113, 143, 96, 84, 67, 50, 186, 156, 69, 21, 18, 111, 108, 58, 125, 157, 150, 110, 182, 129, 166, 83, 81, 60, 13, 165, 14, 176, 63, 117, 5, 22, 145, 121, 38, 41, 82, 127, 114, 20, 31, 53, 37, 163, 196, 130, 152, 162, 86, 76, 24, 34, 184, 149, 33, 128, 198, 155, 146, 167, 139, 120, 140, 102, 47, 25, 158, 123, 46, 164, 61, 7, 115, 75, 133, 160, 105, 132, 179, 124, 48, 73, 93, 39, 95, 195, 29, 177, 185, 161]
2024-06-21 11:29:01,892 [trainer.py] => config: ./configs/beef/tiny-imagenet-50-10.json
2024-06-21 11:29:01,893 [trainer.py] => prefix: fusion-energy-0.01-1.7-fixed
2024-06-21 11:29:01,893 [trainer.py] => dataset: tiny-imagenet-200
2024-06-21 11:29:01,893 [trainer.py] => memory_size: 2000
2024-06-21 11:29:01,893 [trainer.py] => memory_per_class: 20
2024-06-21 11:29:01,893 [trainer.py] => fixed_memory: True
2024-06-21 11:29:01,894 [trainer.py] => shuffle: True
2024-06-21 11:29:01,894 [trainer.py] => init_cls: 50
2024-06-21 11:29:01,894 [trainer.py] => increment: 10
2024-06-21 11:29:01,894 [trainer.py] => model_name: beefiso
2024-06-21 11:29:01,894 [trainer.py] => convnet_type: resnet32
2024-06-21 11:29:01,894 [trainer.py] => device: [device(type='cuda', index=0)]
2024-06-21 11:29:01,894 [trainer.py] => seed: 1993
2024-06-21 11:29:01,895 [trainer.py] => logits_alignment: 1.7
2024-06-21 11:29:01,895 [trainer.py] => energy_weight: 0.01
2024-06-21 11:29:01,895 [trainer.py] => is_compress: False
2024-06-21 11:29:01,895 [trainer.py] => reduce_batch_size: False
2024-06-21 11:29:01,895 [trainer.py] => init_epochs: 200
2024-06-21 11:29:01,895 [trainer.py] => init_lr: 0.1
2024-06-21 11:29:01,895 [trainer.py] => init_weight_decay: 0.0005
2024-06-21 11:29:01,896 [trainer.py] => expansion_epochs: 170
2024-06-21 11:29:01,896 [trainer.py] => fusion_epochs: 60
2024-06-21 11:29:01,896 [trainer.py] => lr: 0.1
2024-06-21 11:29:01,896 [trainer.py] => batch_size: 128
2024-06-21 11:29:01,896 [trainer.py] => weight_decay: 0.0005
2024-06-21 11:29:01,896 [trainer.py] => num_workers: 8
2024-06-21 11:29:01,896 [trainer.py] => T: 2
2024-06-21 11:29:02,629 [data_manager.py] => [168, 136, 51, 9, 183, 101, 171, 99, 42, 159, 191, 70, 16, 188, 27, 10, 175, 26, 68, 187, 98, 6, 85, 35, 112, 43, 100, 0, 103, 181, 88, 59, 4, 2, 116, 174, 94, 80, 106, 1, 147, 17, 141, 131, 72, 23, 173, 54, 197, 118, 87, 32, 79, 104, 91, 19, 135, 107, 178, 36, 11, 199, 142, 8, 122, 3, 28, 57, 153, 172, 190, 56, 49, 44, 97, 62, 151, 169, 194, 55, 192, 12, 189, 78, 66, 180, 15, 137, 109, 134, 92, 119, 126, 52, 170, 40, 148, 65, 144, 64, 138, 45, 77, 89, 154, 90, 71, 193, 74, 30, 113, 143, 96, 84, 67, 50, 186, 156, 69, 21, 18, 111, 108, 58, 125, 157, 150, 110, 182, 129, 166, 83, 81, 60, 13, 165, 14, 176, 63, 117, 5, 22, 145, 121, 38, 41, 82, 127, 114, 20, 31, 53, 37, 163, 196, 130, 152, 162, 86, 76, 24, 34, 184, 149, 33, 128, 198, 155, 146, 167, 139, 120, 140, 102, 47, 25, 158, 123, 46, 164, 61, 7, 115, 75, 133, 160, 105, 132, 179, 124, 48, 73, 93, 39, 95, 195, 29, 177, 185, 161]
2024-06-21 11:29:02,884 [trainer.py] => All params: 0
2024-06-21 11:29:02,884 [trainer.py] => Trainable params: 0
2024-06-21 11:29:02,895 [beef_iso.py] => Learning on 0-50
2024-06-21 11:29:02,895 [beef_iso.py] => All params: 470654
2024-06-21 11:29:02,896 [beef_iso.py] => Trainable params: 470654
2024-06-21 11:34:52,018 [trainer.py] => config: ./configs/beef/tiny-imagenet-50-10.json
2024-06-21 11:34:52,019 [trainer.py] => prefix: fusion-energy-0.01-1.7-fixed
2024-06-21 11:34:52,019 [trainer.py] => dataset: tiny-imagenet-200
2024-06-21 11:34:52,019 [trainer.py] => memory_size: 2000
2024-06-21 11:34:52,020 [trainer.py] => memory_per_class: 20
2024-06-21 11:34:52,020 [trainer.py] => fixed_memory: True
2024-06-21 11:34:52,020 [trainer.py] => shuffle: True
2024-06-21 11:34:52,020 [trainer.py] => init_cls: 50
2024-06-21 11:34:52,020 [trainer.py] => increment: 10
2024-06-21 11:34:52,020 [trainer.py] => model_name: beefiso
2024-06-21 11:34:52,021 [trainer.py] => convnet_type: resnet32
2024-06-21 11:34:52,021 [trainer.py] => device: [device(type='cuda', index=0)]
2024-06-21 11:34:52,021 [trainer.py] => seed: 1993
2024-06-21 11:34:52,021 [trainer.py] => logits_alignment: 1.7
2024-06-21 11:34:52,021 [trainer.py] => energy_weight: 0.01
2024-06-21 11:34:52,021 [trainer.py] => is_compress: False
2024-06-21 11:34:52,021 [trainer.py] => reduce_batch_size: False
2024-06-21 11:34:52,022 [trainer.py] => init_epochs: 200
2024-06-21 11:34:52,022 [trainer.py] => init_lr: 0.1
2024-06-21 11:34:52,022 [trainer.py] => init_weight_decay: 0.0005
2024-06-21 11:34:52,022 [trainer.py] => expansion_epochs: 170
2024-06-21 11:34:52,022 [trainer.py] => fusion_epochs: 60
2024-06-21 11:34:52,022 [trainer.py] => lr: 0.1
2024-06-21 11:34:52,022 [trainer.py] => batch_size: 128
2024-06-21 11:34:52,022 [trainer.py] => weight_decay: 0.0005
2024-06-21 11:34:52,022 [trainer.py] => num_workers: 8
2024-06-21 11:34:52,023 [trainer.py] => T: 2
2024-06-21 11:34:52,751 [data_manager.py] => [168, 136, 51, 9, 183, 101, 171, 99, 42, 159, 191, 70, 16, 188, 27, 10, 175, 26, 68, 187, 98, 6, 85, 35, 112, 43, 100, 0, 103, 181, 88, 59, 4, 2, 116, 174, 94, 80, 106, 1, 147, 17, 141, 131, 72, 23, 173, 54, 197, 118, 87, 32, 79, 104, 91, 19, 135, 107, 178, 36, 11, 199, 142, 8, 122, 3, 28, 57, 153, 172, 190, 56, 49, 44, 97, 62, 151, 169, 194, 55, 192, 12, 189, 78, 66, 180, 15, 137, 109, 134, 92, 119, 126, 52, 170, 40, 148, 65, 144, 64, 138, 45, 77, 89, 154, 90, 71, 193, 74, 30, 113, 143, 96, 84, 67, 50, 186, 156, 69, 21, 18, 111, 108, 58, 125, 157, 150, 110, 182, 129, 166, 83, 81, 60, 13, 165, 14, 176, 63, 117, 5, 22, 145, 121, 38, 41, 82, 127, 114, 20, 31, 53, 37, 163, 196, 130, 152, 162, 86, 76, 24, 34, 184, 149, 33, 128, 198, 155, 146, 167, 139, 120, 140, 102, 47, 25, 158, 123, 46, 164, 61, 7, 115, 75, 133, 160, 105, 132, 179, 124, 48, 73, 93, 39, 95, 195, 29, 177, 185, 161]
2024-06-21 11:34:53,007 [trainer.py] => All params: 0
2024-06-21 11:34:53,007 [trainer.py] => Trainable params: 0
2024-06-21 11:34:53,018 [beef_iso.py] => Learning on 0-50
2024-06-21 11:34:53,018 [beef_iso.py] => All params: 470654
2024-06-21 11:34:53,019 [beef_iso.py] => Trainable params: 470654
2024-06-21 11:45:25,859 [trainer.py] => config: ./configs/beef/tiny-imagenet-50-10.json
2024-06-21 11:45:25,859 [trainer.py] => prefix: fusion-energy-0.01-1.7-fixed
2024-06-21 11:45:25,860 [trainer.py] => dataset: tiny-imagenet-200
2024-06-21 11:45:25,860 [trainer.py] => memory_size: 2000
2024-06-21 11:45:25,860 [trainer.py] => memory_per_class: 20
2024-06-21 11:45:25,860 [trainer.py] => fixed_memory: True
2024-06-21 11:45:25,860 [trainer.py] => shuffle: True
2024-06-21 11:45:25,860 [trainer.py] => init_cls: 50
2024-06-21 11:45:25,860 [trainer.py] => increment: 10
2024-06-21 11:45:25,861 [trainer.py] => model_name: beefiso
2024-06-21 11:45:25,861 [trainer.py] => convnet_type: resnet32
2024-06-21 11:45:25,861 [trainer.py] => device: [device(type='cuda', index=0)]
2024-06-21 11:45:25,861 [trainer.py] => seed: 1993
2024-06-21 11:45:25,861 [trainer.py] => logits_alignment: 1.7
2024-06-21 11:45:25,861 [trainer.py] => energy_weight: 0.01
2024-06-21 11:45:25,861 [trainer.py] => is_compress: False
2024-06-21 11:45:25,861 [trainer.py] => reduce_batch_size: False
2024-06-21 11:45:25,862 [trainer.py] => init_epochs: 200
2024-06-21 11:45:25,862 [trainer.py] => init_lr: 0.1
2024-06-21 11:45:25,862 [trainer.py] => init_weight_decay: 0.0005
2024-06-21 11:45:25,862 [trainer.py] => expansion_epochs: 170
2024-06-21 11:45:25,862 [trainer.py] => fusion_epochs: 60
2024-06-21 11:45:25,862 [trainer.py] => lr: 0.1
2024-06-21 11:45:25,862 [trainer.py] => batch_size: 128
2024-06-21 11:45:25,862 [trainer.py] => weight_decay: 0.0005
2024-06-21 11:45:25,863 [trainer.py] => num_workers: 8
2024-06-21 11:45:25,863 [trainer.py] => T: 2
2024-06-21 11:45:26,588 [data_manager.py] => [168, 136, 51, 9, 183, 101, 171, 99, 42, 159, 191, 70, 16, 188, 27, 10, 175, 26, 68, 187, 98, 6, 85, 35, 112, 43, 100, 0, 103, 181, 88, 59, 4, 2, 116, 174, 94, 80, 106, 1, 147, 17, 141, 131, 72, 23, 173, 54, 197, 118, 87, 32, 79, 104, 91, 19, 135, 107, 178, 36, 11, 199, 142, 8, 122, 3, 28, 57, 153, 172, 190, 56, 49, 44, 97, 62, 151, 169, 194, 55, 192, 12, 189, 78, 66, 180, 15, 137, 109, 134, 92, 119, 126, 52, 170, 40, 148, 65, 144, 64, 138, 45, 77, 89, 154, 90, 71, 193, 74, 30, 113, 143, 96, 84, 67, 50, 186, 156, 69, 21, 18, 111, 108, 58, 125, 157, 150, 110, 182, 129, 166, 83, 81, 60, 13, 165, 14, 176, 63, 117, 5, 22, 145, 121, 38, 41, 82, 127, 114, 20, 31, 53, 37, 163, 196, 130, 152, 162, 86, 76, 24, 34, 184, 149, 33, 128, 198, 155, 146, 167, 139, 120, 140, 102, 47, 25, 158, 123, 46, 164, 61, 7, 115, 75, 133, 160, 105, 132, 179, 124, 48, 73, 93, 39, 95, 195, 29, 177, 185, 161]
2024-06-21 11:45:26,843 [trainer.py] => All params: 0
2024-06-21 11:45:26,843 [trainer.py] => Trainable params: 0
2024-06-21 11:45:26,854 [beef_iso.py] => Learning on 0-50
2024-06-21 11:45:26,854 [beef_iso.py] => All params: 470654
2024-06-21 11:45:26,855 [beef_iso.py] => Trainable params: 470654
2024-06-21 11:46:12,256 [trainer.py] => config: ./configs/beef/tiny-imagenet-50-10.json
2024-06-21 11:46:12,256 [trainer.py] => prefix: fusion-energy-0.01-1.7-fixed
2024-06-21 11:46:12,257 [trainer.py] => dataset: tiny-imagenet-200
2024-06-21 11:46:12,257 [trainer.py] => memory_size: 2000
2024-06-21 11:46:12,257 [trainer.py] => memory_per_class: 20
2024-06-21 11:46:12,257 [trainer.py] => fixed_memory: True
2024-06-21 11:46:12,257 [trainer.py] => shuffle: True
2024-06-21 11:46:12,257 [trainer.py] => init_cls: 50
2024-06-21 11:46:12,258 [trainer.py] => increment: 10
2024-06-21 11:46:12,258 [trainer.py] => model_name: beefiso
2024-06-21 11:46:12,258 [trainer.py] => convnet_type: resnet32
2024-06-21 11:46:12,258 [trainer.py] => device: [device(type='cuda', index=0)]
2024-06-21 11:46:12,258 [trainer.py] => seed: 1993
2024-06-21 11:46:12,258 [trainer.py] => logits_alignment: 1.7
2024-06-21 11:46:12,259 [trainer.py] => energy_weight: 0.01
2024-06-21 11:46:12,259 [trainer.py] => is_compress: False
2024-06-21 11:46:12,259 [trainer.py] => reduce_batch_size: False
2024-06-21 11:46:12,259 [trainer.py] => init_epochs: 200
2024-06-21 11:46:12,259 [trainer.py] => init_lr: 0.1
2024-06-21 11:46:12,259 [trainer.py] => init_weight_decay: 0.0005
2024-06-21 11:46:12,259 [trainer.py] => expansion_epochs: 170
2024-06-21 11:46:12,259 [trainer.py] => fusion_epochs: 60
2024-06-21 11:46:12,260 [trainer.py] => lr: 0.1
2024-06-21 11:46:12,260 [trainer.py] => batch_size: 128
2024-06-21 11:46:12,260 [trainer.py] => weight_decay: 0.0005
2024-06-21 11:46:12,260 [trainer.py] => num_workers: 8
2024-06-21 11:46:12,260 [trainer.py] => T: 2
2024-06-21 11:46:12,981 [data_manager.py] => [168, 136, 51, 9, 183, 101, 171, 99, 42, 159, 191, 70, 16, 188, 27, 10, 175, 26, 68, 187, 98, 6, 85, 35, 112, 43, 100, 0, 103, 181, 88, 59, 4, 2, 116, 174, 94, 80, 106, 1, 147, 17, 141, 131, 72, 23, 173, 54, 197, 118, 87, 32, 79, 104, 91, 19, 135, 107, 178, 36, 11, 199, 142, 8, 122, 3, 28, 57, 153, 172, 190, 56, 49, 44, 97, 62, 151, 169, 194, 55, 192, 12, 189, 78, 66, 180, 15, 137, 109, 134, 92, 119, 126, 52, 170, 40, 148, 65, 144, 64, 138, 45, 77, 89, 154, 90, 71, 193, 74, 30, 113, 143, 96, 84, 67, 50, 186, 156, 69, 21, 18, 111, 108, 58, 125, 157, 150, 110, 182, 129, 166, 83, 81, 60, 13, 165, 14, 176, 63, 117, 5, 22, 145, 121, 38, 41, 82, 127, 114, 20, 31, 53, 37, 163, 196, 130, 152, 162, 86, 76, 24, 34, 184, 149, 33, 128, 198, 155, 146, 167, 139, 120, 140, 102, 47, 25, 158, 123, 46, 164, 61, 7, 115, 75, 133, 160, 105, 132, 179, 124, 48, 73, 93, 39, 95, 195, 29, 177, 185, 161]
2024-06-21 11:46:13,234 [trainer.py] => All params: 0
2024-06-21 11:46:13,235 [trainer.py] => Trainable params: 0
2024-06-21 11:46:13,246 [beef_iso.py] => Learning on 0-50
2024-06-21 11:46:13,247 [beef_iso.py] => All params: 470654
2024-06-21 11:46:13,247 [beef_iso.py] => Trainable params: 470654
2024-06-21 11:47:25,699 [beef_iso.py] => Task 0, Epoch 1/200 => Loss 3.757, Loss_en 0.047, Train_accy 7.55, Test_accy 11.44
2024-06-21 11:48:12,630 [beef_iso.py] => Task 0, Epoch 2/200 => Loss 3.437, Loss_en 0.045, Train_accy 12.69
2024-06-21 11:49:00,044 [beef_iso.py] => Task 0, Epoch 3/200 => Loss 3.254, Loss_en 0.044, Train_accy 16.54
2024-06-21 11:49:47,141 [beef_iso.py] => Task 0, Epoch 4/200 => Loss 3.106, Loss_en 0.042, Train_accy 19.86
2024-06-21 11:50:33,817 [beef_iso.py] => Task 0, Epoch 5/200 => Loss 2.993, Loss_en 0.041, Train_accy 22.32
2024-06-21 11:51:45,870 [beef_iso.py] => Task 0, Epoch 6/200 => Loss 2.873, Loss_en 0.040, Train_accy 25.05, Test_accy 22.84
2024-06-21 11:52:33,100 [beef_iso.py] => Task 0, Epoch 7/200 => Loss 2.786, Loss_en 0.039, Train_accy 26.96
2024-06-21 11:53:20,322 [beef_iso.py] => Task 0, Epoch 8/200 => Loss 2.690, Loss_en 0.039, Train_accy 28.92
2024-06-21 11:54:24,425 [trainer.py] => config: ./configs/beef/tiny-imagenet-50-10.json
2024-06-21 11:54:24,426 [trainer.py] => prefix: fusion-energy-0.01-1.7-fixed
2024-06-21 11:54:24,426 [trainer.py] => dataset: tiny-imagenet-200
2024-06-21 11:54:24,426 [trainer.py] => memory_size: 2000
2024-06-21 11:54:24,427 [trainer.py] => memory_per_class: 20
2024-06-21 11:54:24,427 [trainer.py] => fixed_memory: True
2024-06-21 11:54:24,427 [trainer.py] => shuffle: True
2024-06-21 11:54:24,427 [trainer.py] => init_cls: 50
2024-06-21 11:54:24,427 [trainer.py] => increment: 10
2024-06-21 11:54:24,427 [trainer.py] => model_name: beefiso
2024-06-21 11:54:24,427 [trainer.py] => convnet_type: resnet32
2024-06-21 11:54:24,427 [trainer.py] => device: [device(type='cuda', index=0)]
2024-06-21 11:54:24,428 [trainer.py] => seed: 1993
2024-06-21 11:54:24,428 [trainer.py] => logits_alignment: 1.7
2024-06-21 11:54:24,428 [trainer.py] => energy_weight: 0.01
2024-06-21 11:54:24,428 [trainer.py] => is_compress: False
2024-06-21 11:54:24,428 [trainer.py] => reduce_batch_size: False
2024-06-21 11:54:24,428 [trainer.py] => init_epochs: 200
2024-06-21 11:54:24,428 [trainer.py] => init_lr: 0.1
2024-06-21 11:54:24,428 [trainer.py] => init_weight_decay: 0.0005
2024-06-21 11:54:24,429 [trainer.py] => expansion_epochs: 170
2024-06-21 11:54:24,429 [trainer.py] => fusion_epochs: 60
2024-06-21 11:54:24,429 [trainer.py] => lr: 0.1
2024-06-21 11:54:24,429 [trainer.py] => batch_size: 512
2024-06-21 11:54:24,429 [trainer.py] => weight_decay: 0.0005
2024-06-21 11:54:24,429 [trainer.py] => num_workers: 8
2024-06-21 11:54:24,429 [trainer.py] => T: 2
2024-06-21 11:54:25,157 [data_manager.py] => [168, 136, 51, 9, 183, 101, 171, 99, 42, 159, 191, 70, 16, 188, 27, 10, 175, 26, 68, 187, 98, 6, 85, 35, 112, 43, 100, 0, 103, 181, 88, 59, 4, 2, 116, 174, 94, 80, 106, 1, 147, 17, 141, 131, 72, 23, 173, 54, 197, 118, 87, 32, 79, 104, 91, 19, 135, 107, 178, 36, 11, 199, 142, 8, 122, 3, 28, 57, 153, 172, 190, 56, 49, 44, 97, 62, 151, 169, 194, 55, 192, 12, 189, 78, 66, 180, 15, 137, 109, 134, 92, 119, 126, 52, 170, 40, 148, 65, 144, 64, 138, 45, 77, 89, 154, 90, 71, 193, 74, 30, 113, 143, 96, 84, 67, 50, 186, 156, 69, 21, 18, 111, 108, 58, 125, 157, 150, 110, 182, 129, 166, 83, 81, 60, 13, 165, 14, 176, 63, 117, 5, 22, 145, 121, 38, 41, 82, 127, 114, 20, 31, 53, 37, 163, 196, 130, 152, 162, 86, 76, 24, 34, 184, 149, 33, 128, 198, 155, 146, 167, 139, 120, 140, 102, 47, 25, 158, 123, 46, 164, 61, 7, 115, 75, 133, 160, 105, 132, 179, 124, 48, 73, 93, 39, 95, 195, 29, 177, 185, 161]
2024-06-21 11:54:25,413 [trainer.py] => All params: 0
2024-06-21 11:54:25,413 [trainer.py] => Trainable params: 0
2024-06-21 11:54:25,424 [beef_iso.py] => Learning on 0-50
2024-06-21 11:54:25,425 [beef_iso.py] => All params: 470654
2024-06-21 11:54:25,425 [beef_iso.py] => Trainable params: 470654
2024-06-21 11:55:34,126 [beef_iso.py] => Task 0, Epoch 1/200 => Loss 3.942, Loss_en 0.049, Train_accy 5.50, Test_accy 9.04
2024-06-21 11:56:16,404 [beef_iso.py] => Task 0, Epoch 2/200 => Loss 3.527, Loss_en 0.047, Train_accy 11.14
2024-06-21 11:56:58,730 [beef_iso.py] => Task 0, Epoch 3/200 => Loss 3.377, Loss_en 0.046, Train_accy 14.14
2024-06-21 11:57:41,159 [beef_iso.py] => Task 0, Epoch 4/200 => Loss 3.223, Loss_en 0.045, Train_accy 17.20
