2024-06-15 13:00:26,060 [trainer.py] => config: ./configs/beef/cifar-50-10-random.json
2024-06-15 13:00:26,061 [trainer.py] => prefix: cil-imbalance-random
2024-06-15 13:00:26,061 [trainer.py] => dataset: cifar100
2024-06-15 13:00:26,061 [trainer.py] => memory_size: 2000
2024-06-15 13:00:26,061 [trainer.py] => memory_per_class: 20
2024-06-15 13:00:26,062 [trainer.py] => fixed_memory: True
2024-06-15 13:00:26,062 [trainer.py] => shuffle: True
2024-06-15 13:00:26,062 [trainer.py] => init_cls: 50
2024-06-15 13:00:26,062 [trainer.py] => increment: 10
2024-06-15 13:00:26,063 [trainer.py] => model_name: beefiso
2024-06-15 13:00:26,063 [trainer.py] => convnet_type: resnet32
2024-06-15 13:00:26,063 [trainer.py] => device: [device(type='cuda', index=0)]
2024-06-15 13:00:26,063 [trainer.py] => seed: 1993
2024-06-15 13:00:26,063 [trainer.py] => logits_alignment: 1.7
2024-06-15 13:00:26,063 [trainer.py] => energy_weight: 0.01
2024-06-15 13:00:26,064 [trainer.py] => is_compress: False
2024-06-15 13:00:26,064 [trainer.py] => reduce_batch_size: False
2024-06-15 13:00:26,064 [trainer.py] => init_epochs: 200
2024-06-15 13:00:26,064 [trainer.py] => init_lr: 0.1
2024-06-15 13:00:26,064 [trainer.py] => init_weight_decay: 0.0005
2024-06-15 13:00:26,064 [trainer.py] => expansion_epochs: 170
2024-06-15 13:00:26,064 [trainer.py] => fusion_epochs: 60
2024-06-15 13:00:26,064 [trainer.py] => lr: 0.1
2024-06-15 13:00:26,065 [trainer.py] => batch_size: 128
2024-06-15 13:00:26,065 [trainer.py] => weight_decay: 0.0005
2024-06-15 13:00:26,065 [trainer.py] => num_workers: 8
2024-06-15 13:00:26,065 [trainer.py] => T: 2
2024-06-15 13:00:26,065 [trainer.py] => random: True
2024-06-15 13:00:27,183 [data_manager.py] => [68, 56, 78, 8, 23, 84, 90, 65, 74, 76, 40, 89, 3, 92, 55, 9, 26, 80, 43, 38, 58, 70, 77, 1, 85, 19, 17, 50, 28, 53, 13, 81, 45, 82, 6, 59, 83, 16, 15, 44, 91, 41, 72, 60, 79, 52, 20, 10, 31, 54, 37, 95, 14, 71, 96, 98, 97, 2, 64, 66, 42, 22, 35, 86, 24, 34, 87, 21, 99, 0, 88, 27, 18, 94, 11, 12, 47, 25, 30, 46, 62, 69, 36, 61, 7, 63, 75, 5, 32, 4, 51, 48, 73, 93, 39, 67, 29, 49, 57, 33]
2024-06-15 13:00:27,257 [trainer.py] => All params: 0
2024-06-15 13:00:27,258 [trainer.py] => Trainable params: 0
2024-06-15 13:00:27,285 [beef_iso.py] => Learning on 0-50
2024-06-15 13:00:27,286 [beef_iso.py] => All params: 470654
2024-06-15 13:00:27,286 [beef_iso.py] => Trainable params: 470654
