2024-03-01 17:47:11,405 [trainer.py] => config: ./configs/beef/imagenet-50-10.json
2024-03-01 17:47:11,405 [trainer.py] => prefix: fusion-energy-0.1-3-cosine-256-conv3-120epochs-cutout
2024-03-01 17:47:11,406 [trainer.py] => dataset: imagenet100
2024-03-01 17:47:11,406 [trainer.py] => memory_size: 2000
2024-03-01 17:47:11,406 [trainer.py] => memory_per_class: 20
2024-03-01 17:47:11,406 [trainer.py] => fixed_memory: True
2024-03-01 17:47:11,406 [trainer.py] => shuffle: True
2024-03-01 17:47:11,406 [trainer.py] => init_cls: 50
2024-03-01 17:47:11,407 [trainer.py] => increment: 10
2024-03-01 17:47:11,407 [trainer.py] => model_name: beefiso
2024-03-01 17:47:11,407 [trainer.py] => convnet_type: resnet18
2024-03-01 17:47:11,408 [trainer.py] => device: [device(type='cuda', index=0)]
2024-03-01 17:47:11,408 [trainer.py] => seed: 1993
2024-03-01 17:47:11,408 [trainer.py] => logits_alignment: 3
2024-03-01 17:47:11,408 [trainer.py] => energy_weight: 0.1
2024-03-01 17:47:11,408 [trainer.py] => is_compress: False
2024-03-01 17:47:11,408 [trainer.py] => init_epochs: 200
2024-03-01 17:47:11,409 [trainer.py] => init_lr: 0.1
2024-03-01 17:47:11,409 [trainer.py] => init_weight_decay: 0.0005
2024-03-01 17:47:11,409 [trainer.py] => expansion_epochs: 120
2024-03-01 17:47:11,409 [trainer.py] => fusion_epochs: 60
2024-03-01 17:47:11,409 [trainer.py] => lr: 0.1
2024-03-01 17:47:11,409 [trainer.py] => batch_size: 512
2024-03-01 17:47:11,409 [trainer.py] => weight_decay: 0.0005
2024-03-01 17:47:11,409 [trainer.py] => num_workers: 12
2024-03-01 17:47:11,410 [trainer.py] => reduce_batch_size: True
2024-03-01 17:47:11,410 [trainer.py] => T: 2
2024-03-01 18:18:40,573 [trainer.py] => config: ./configs/beef/imagenet-50-10.json
2024-03-01 18:18:40,573 [trainer.py] => prefix: fusion-energy-0.1-3-cosine-256-conv3-120epochs-cutout
2024-03-01 18:18:40,573 [trainer.py] => dataset: imagenet100
2024-03-01 18:18:40,573 [trainer.py] => memory_size: 2000
2024-03-01 18:18:40,574 [trainer.py] => memory_per_class: 20
2024-03-01 18:18:40,574 [trainer.py] => fixed_memory: True
2024-03-01 18:18:40,574 [trainer.py] => shuffle: True
2024-03-01 18:18:40,574 [trainer.py] => init_cls: 50
2024-03-01 18:18:40,574 [trainer.py] => increment: 10
2024-03-01 18:18:40,574 [trainer.py] => model_name: beefiso
2024-03-01 18:18:40,574 [trainer.py] => convnet_type: resnet18
2024-03-01 18:18:40,575 [trainer.py] => device: [device(type='cuda', index=0)]
2024-03-01 18:18:40,575 [trainer.py] => seed: 1993
2024-03-01 18:18:40,575 [trainer.py] => logits_alignment: 3
2024-03-01 18:18:40,575 [trainer.py] => energy_weight: 0.1
2024-03-01 18:18:40,575 [trainer.py] => is_compress: False
2024-03-01 18:18:40,575 [trainer.py] => init_epochs: 200
2024-03-01 18:18:40,575 [trainer.py] => init_lr: 0.1
2024-03-01 18:18:40,575 [trainer.py] => init_weight_decay: 0.0005
2024-03-01 18:18:40,576 [trainer.py] => expansion_epochs: 120
2024-03-01 18:18:40,576 [trainer.py] => fusion_epochs: 60
2024-03-01 18:18:40,576 [trainer.py] => lr: 0.1
2024-03-01 18:18:40,576 [trainer.py] => batch_size: 512
2024-03-01 18:18:40,576 [trainer.py] => weight_decay: 0.0005
2024-03-01 18:18:40,576 [trainer.py] => num_workers: 12
2024-03-01 18:18:40,576 [trainer.py] => reduce_batch_size: True
2024-03-01 18:18:40,576 [trainer.py] => T: 2
2024-06-15 12:58:24,849 [trainer.py] => config: ./configs/beef/imagenet-50-10.json
2024-06-15 12:58:24,849 [trainer.py] => prefix: fusion-energy-0.1-3-cosine-256-conv3-120epochs-cutout
2024-06-15 12:58:24,850 [trainer.py] => dataset: imagenet100
2024-06-15 12:58:24,850 [trainer.py] => memory_size: 2000
2024-06-15 12:58:24,850 [trainer.py] => memory_per_class: 20
2024-06-15 12:58:24,850 [trainer.py] => fixed_memory: True
2024-06-15 12:58:24,850 [trainer.py] => shuffle: True
2024-06-15 12:58:24,850 [trainer.py] => init_cls: 50
2024-06-15 12:58:24,850 [trainer.py] => increment: 10
2024-06-15 12:58:24,850 [trainer.py] => model_name: beefiso
2024-06-15 12:58:24,851 [trainer.py] => convnet_type: resnet18
2024-06-15 12:58:24,851 [trainer.py] => device: [device(type='cuda', index=0)]
2024-06-15 12:58:24,851 [trainer.py] => seed: 1993
2024-06-15 12:58:24,851 [trainer.py] => logits_alignment: 3
2024-06-15 12:58:24,851 [trainer.py] => energy_weight: 0.1
2024-06-15 12:58:24,851 [trainer.py] => is_compress: False
2024-06-15 12:58:24,851 [trainer.py] => init_epochs: 200
2024-06-15 12:58:24,852 [trainer.py] => init_lr: 0.1
2024-06-15 12:58:24,852 [trainer.py] => init_weight_decay: 0.0005
2024-06-15 12:58:24,852 [trainer.py] => expansion_epochs: 120
2024-06-15 12:58:24,852 [trainer.py] => fusion_epochs: 60
2024-06-15 12:58:24,852 [trainer.py] => lr: 0.1
2024-06-15 12:58:24,852 [trainer.py] => batch_size: 512
2024-06-15 12:58:24,852 [trainer.py] => weight_decay: 0.0005
2024-06-15 12:58:24,853 [trainer.py] => num_workers: 12
2024-06-15 12:58:24,853 [trainer.py] => reduce_batch_size: True
2024-06-15 12:58:24,853 [trainer.py] => T: 2
2024-06-18 21:39:38,273 [trainer.py] => config: ./configs/beef/imagenet-50-10.json
2024-06-18 21:39:38,274 [trainer.py] => prefix: fusion-energy-0.1-3-cosine-256-conv3-120epochs-cutout
2024-06-18 21:39:38,274 [trainer.py] => dataset: imagenet100
2024-06-18 21:39:38,274 [trainer.py] => memory_size: 2000
2024-06-18 21:39:38,274 [trainer.py] => memory_per_class: 20
2024-06-18 21:39:38,274 [trainer.py] => fixed_memory: True
2024-06-18 21:39:38,274 [trainer.py] => shuffle: True
2024-06-18 21:39:38,274 [trainer.py] => init_cls: 50
2024-06-18 21:39:38,275 [trainer.py] => increment: 10
2024-06-18 21:39:38,275 [trainer.py] => model_name: beefiso
2024-06-18 21:39:38,275 [trainer.py] => convnet_type: resnet18
2024-06-18 21:39:38,275 [trainer.py] => device: [device(type='cuda', index=0)]
2024-06-18 21:39:38,275 [trainer.py] => seed: 1993
2024-06-18 21:39:38,275 [trainer.py] => logits_alignment: 3
2024-06-18 21:39:38,275 [trainer.py] => energy_weight: 0.1
2024-06-18 21:39:38,275 [trainer.py] => is_compress: False
2024-06-18 21:39:38,276 [trainer.py] => init_epochs: 200
2024-06-18 21:39:38,276 [trainer.py] => init_lr: 0.1
2024-06-18 21:39:38,276 [trainer.py] => init_weight_decay: 0.0005
2024-06-18 21:39:38,276 [trainer.py] => expansion_epochs: 120
2024-06-18 21:39:38,276 [trainer.py] => fusion_epochs: 60
2024-06-18 21:39:38,276 [trainer.py] => lr: 0.1
2024-06-18 21:39:38,276 [trainer.py] => batch_size: 512
2024-06-18 21:39:38,276 [trainer.py] => weight_decay: 0.0005
2024-06-18 21:39:38,277 [trainer.py] => num_workers: 12
2024-06-18 21:39:38,277 [trainer.py] => reduce_batch_size: True
2024-06-18 21:39:38,277 [trainer.py] => T: 2
2024-06-20 11:17:24,195 [trainer.py] => config: ./configs/beef/imagenet-50-10.json
2024-06-20 11:17:24,195 [trainer.py] => prefix: fusion-energy-0.1-3-cosine-256-conv3-120epochs-cutout
2024-06-20 11:17:24,196 [trainer.py] => dataset: imagenet100
2024-06-20 11:17:24,196 [trainer.py] => memory_size: 2000
2024-06-20 11:17:24,196 [trainer.py] => memory_per_class: 20
2024-06-20 11:17:24,196 [trainer.py] => fixed_memory: True
2024-06-20 11:17:24,196 [trainer.py] => shuffle: True
2024-06-20 11:17:24,197 [trainer.py] => init_cls: 50
2024-06-20 11:17:24,197 [trainer.py] => increment: 10
2024-06-20 11:17:24,197 [trainer.py] => model_name: beefiso
2024-06-20 11:17:24,197 [trainer.py] => convnet_type: resnet18
2024-06-20 11:17:24,197 [trainer.py] => device: [device(type='cuda', index=0)]
2024-06-20 11:17:24,197 [trainer.py] => seed: 1993
2024-06-20 11:17:24,197 [trainer.py] => logits_alignment: 3
2024-06-20 11:17:24,197 [trainer.py] => energy_weight: 0.1
2024-06-20 11:17:24,198 [trainer.py] => is_compress: False
2024-06-20 11:17:24,198 [trainer.py] => init_epochs: 200
2024-06-20 11:17:24,198 [trainer.py] => init_lr: 0.1
2024-06-20 11:17:24,198 [trainer.py] => init_weight_decay: 0.0005
2024-06-20 11:17:24,198 [trainer.py] => expansion_epochs: 120
2024-06-20 11:17:24,198 [trainer.py] => fusion_epochs: 60
2024-06-20 11:17:24,199 [trainer.py] => lr: 0.1
2024-06-20 11:17:24,199 [trainer.py] => batch_size: 512
2024-06-20 11:17:24,199 [trainer.py] => weight_decay: 0.0005
2024-06-20 11:17:24,199 [trainer.py] => num_workers: 12
2024-06-20 11:17:24,200 [trainer.py] => reduce_batch_size: True
2024-06-20 11:17:24,200 [trainer.py] => T: 2
2024-06-20 11:22:24,931 [trainer.py] => config: ./configs/beef/imagenet-50-10.json
2024-06-20 11:22:24,931 [trainer.py] => prefix: fusion-energy-0.1-3-cosine-256-conv3-120epochs-cutout
2024-06-20 11:22:24,931 [trainer.py] => dataset: imagenet100
2024-06-20 11:22:24,931 [trainer.py] => memory_size: 2000
2024-06-20 11:22:24,931 [trainer.py] => memory_per_class: 20
2024-06-20 11:22:24,932 [trainer.py] => fixed_memory: True
2024-06-20 11:22:24,932 [trainer.py] => shuffle: True
2024-06-20 11:22:24,932 [trainer.py] => init_cls: 50
2024-06-20 11:22:24,932 [trainer.py] => increment: 10
2024-06-20 11:22:24,932 [trainer.py] => model_name: beefiso
2024-06-20 11:22:24,932 [trainer.py] => convnet_type: resnet18
2024-06-20 11:22:24,933 [trainer.py] => device: [device(type='cuda', index=0)]
2024-06-20 11:22:24,933 [trainer.py] => seed: 1993
2024-06-20 11:22:24,933 [trainer.py] => logits_alignment: 3
2024-06-20 11:22:24,933 [trainer.py] => energy_weight: 0.1
2024-06-20 11:22:24,933 [trainer.py] => is_compress: False
2024-06-20 11:22:24,933 [trainer.py] => init_epochs: 200
2024-06-20 11:22:24,934 [trainer.py] => init_lr: 0.1
2024-06-20 11:22:24,934 [trainer.py] => init_weight_decay: 0.0005
2024-06-20 11:22:24,934 [trainer.py] => expansion_epochs: 120
2024-06-20 11:22:24,934 [trainer.py] => fusion_epochs: 60
2024-06-20 11:22:24,934 [trainer.py] => lr: 0.1
2024-06-20 11:22:24,934 [trainer.py] => batch_size: 512
2024-06-20 11:22:24,934 [trainer.py] => weight_decay: 0.0005
2024-06-20 11:22:24,935 [trainer.py] => num_workers: 12
2024-06-20 11:22:24,935 [trainer.py] => reduce_batch_size: True
2024-06-20 11:22:24,935 [trainer.py] => T: 2
2024-06-20 11:29:20,520 [trainer.py] => config: ./configs/beef/imagenet-50-10.json
2024-06-20 11:29:20,520 [trainer.py] => prefix: fusion-energy-0.1-3-cosine-256-conv3-120epochs-cutout
2024-06-20 11:29:20,520 [trainer.py] => dataset: imagenet100
2024-06-20 11:29:20,520 [trainer.py] => memory_size: 2000
2024-06-20 11:29:20,520 [trainer.py] => memory_per_class: 20
2024-06-20 11:29:20,520 [trainer.py] => fixed_memory: True
2024-06-20 11:29:20,521 [trainer.py] => shuffle: True
2024-06-20 11:29:20,521 [trainer.py] => init_cls: 50
2024-06-20 11:29:20,521 [trainer.py] => increment: 10
2024-06-20 11:29:20,521 [trainer.py] => model_name: beefiso
2024-06-20 11:29:20,521 [trainer.py] => convnet_type: resnet18
2024-06-20 11:29:20,521 [trainer.py] => device: [device(type='cuda', index=0)]
2024-06-20 11:29:20,522 [trainer.py] => seed: 1993
2024-06-20 11:29:20,522 [trainer.py] => logits_alignment: 3
2024-06-20 11:29:20,522 [trainer.py] => energy_weight: 0.1
2024-06-20 11:29:20,522 [trainer.py] => is_compress: False
2024-06-20 11:29:20,522 [trainer.py] => init_epochs: 200
2024-06-20 11:29:20,522 [trainer.py] => init_lr: 0.1
2024-06-20 11:29:20,522 [trainer.py] => init_weight_decay: 0.0005
2024-06-20 11:29:20,523 [trainer.py] => expansion_epochs: 120
2024-06-20 11:29:20,523 [trainer.py] => fusion_epochs: 60
2024-06-20 11:29:20,523 [trainer.py] => lr: 0.1
2024-06-20 11:29:20,523 [trainer.py] => batch_size: 512
2024-06-20 11:29:20,523 [trainer.py] => weight_decay: 0.0005
2024-06-20 11:29:20,523 [trainer.py] => num_workers: 12
2024-06-20 11:29:20,523 [trainer.py] => reduce_batch_size: True
2024-06-20 11:29:20,523 [trainer.py] => T: 2
2024-06-20 11:29:53,648 [trainer.py] => config: ./configs/beef/imagenet-50-10.json
2024-06-20 11:29:53,649 [trainer.py] => prefix: fusion-energy-0.1-3-cosine-256-conv3-120epochs-cutout
2024-06-20 11:29:53,649 [trainer.py] => dataset: imagenet100
2024-06-20 11:29:53,649 [trainer.py] => memory_size: 2000
2024-06-20 11:29:53,649 [trainer.py] => memory_per_class: 20
2024-06-20 11:29:53,650 [trainer.py] => fixed_memory: True
2024-06-20 11:29:53,650 [trainer.py] => shuffle: True
2024-06-20 11:29:53,650 [trainer.py] => init_cls: 50
2024-06-20 11:29:53,650 [trainer.py] => increment: 10
2024-06-20 11:29:53,650 [trainer.py] => model_name: beefiso
2024-06-20 11:29:53,650 [trainer.py] => convnet_type: resnet18
2024-06-20 11:29:53,650 [trainer.py] => device: [device(type='cuda', index=0)]
2024-06-20 11:29:53,651 [trainer.py] => seed: 1993
2024-06-20 11:29:53,651 [trainer.py] => logits_alignment: 3
2024-06-20 11:29:53,651 [trainer.py] => energy_weight: 0.1
2024-06-20 11:29:53,651 [trainer.py] => is_compress: False
2024-06-20 11:29:53,651 [trainer.py] => init_epochs: 200
2024-06-20 11:29:53,651 [trainer.py] => init_lr: 0.1
2024-06-20 11:29:53,651 [trainer.py] => init_weight_decay: 0.0005
2024-06-20 11:29:53,651 [trainer.py] => expansion_epochs: 120
2024-06-20 11:29:53,652 [trainer.py] => fusion_epochs: 60
2024-06-20 11:29:53,652 [trainer.py] => lr: 0.1
2024-06-20 11:29:53,652 [trainer.py] => batch_size: 512
2024-06-20 11:29:53,652 [trainer.py] => weight_decay: 0.0005
2024-06-20 11:29:53,652 [trainer.py] => num_workers: 12
2024-06-20 11:29:53,652 [trainer.py] => reduce_batch_size: True
2024-06-20 11:29:53,652 [trainer.py] => T: 2
2024-06-20 11:30:11,183 [trainer.py] => config: ./configs/beef/imagenet-50-10.json
2024-06-20 11:30:11,184 [trainer.py] => prefix: fusion-energy-0.1-3-cosine-256-conv3-120epochs-cutout
2024-06-20 11:30:11,184 [trainer.py] => dataset: imagenet100
2024-06-20 11:30:11,184 [trainer.py] => memory_size: 2000
2024-06-20 11:30:11,184 [trainer.py] => memory_per_class: 20
2024-06-20 11:30:11,184 [trainer.py] => fixed_memory: True
2024-06-20 11:30:11,184 [trainer.py] => shuffle: True
2024-06-20 11:30:11,185 [trainer.py] => init_cls: 50
2024-06-20 11:30:11,185 [trainer.py] => increment: 10
2024-06-20 11:30:11,185 [trainer.py] => model_name: beefiso
2024-06-20 11:30:11,185 [trainer.py] => convnet_type: resnet18
2024-06-20 11:30:11,185 [trainer.py] => device: [device(type='cuda', index=0)]
2024-06-20 11:30:11,185 [trainer.py] => seed: 1993
2024-06-20 11:30:11,186 [trainer.py] => logits_alignment: 3
2024-06-20 11:30:11,186 [trainer.py] => energy_weight: 0.1
2024-06-20 11:30:11,186 [trainer.py] => is_compress: False
2024-06-20 11:30:11,186 [trainer.py] => init_epochs: 200
2024-06-20 11:30:11,186 [trainer.py] => init_lr: 0.1
2024-06-20 11:30:11,187 [trainer.py] => init_weight_decay: 0.0005
2024-06-20 11:30:11,187 [trainer.py] => expansion_epochs: 120
2024-06-20 11:30:11,187 [trainer.py] => fusion_epochs: 60
2024-06-20 11:30:11,187 [trainer.py] => lr: 0.1
2024-06-20 11:30:11,187 [trainer.py] => batch_size: 512
2024-06-20 11:30:11,187 [trainer.py] => weight_decay: 0.0005
2024-06-20 11:30:11,188 [trainer.py] => num_workers: 12
2024-06-20 11:30:11,188 [trainer.py] => reduce_batch_size: True
2024-06-20 11:30:11,188 [trainer.py] => T: 2
2024-06-20 11:30:45,997 [trainer.py] => config: ./configs/beef/imagenet-50-10.json
2024-06-20 11:30:45,998 [trainer.py] => prefix: fusion-energy-0.1-3-cosine-256-conv3-120epochs-cutout
2024-06-20 11:30:45,998 [trainer.py] => dataset: imagenet100
2024-06-20 11:30:45,998 [trainer.py] => memory_size: 2000
2024-06-20 11:30:45,998 [trainer.py] => memory_per_class: 20
2024-06-20 11:30:45,998 [trainer.py] => fixed_memory: True
2024-06-20 11:30:45,998 [trainer.py] => shuffle: True
2024-06-20 11:30:45,999 [trainer.py] => init_cls: 50
2024-06-20 11:30:45,999 [trainer.py] => increment: 10
2024-06-20 11:30:45,999 [trainer.py] => model_name: beefiso
2024-06-20 11:30:45,999 [trainer.py] => convnet_type: resnet18
2024-06-20 11:30:45,999 [trainer.py] => device: [device(type='cuda', index=0)]
2024-06-20 11:30:45,999 [trainer.py] => seed: 1993
2024-06-20 11:30:45,999 [trainer.py] => logits_alignment: 3
2024-06-20 11:30:46,000 [trainer.py] => energy_weight: 0.1
2024-06-20 11:30:46,000 [trainer.py] => is_compress: False
2024-06-20 11:30:46,000 [trainer.py] => init_epochs: 200
2024-06-20 11:30:46,000 [trainer.py] => init_lr: 0.1
2024-06-20 11:30:46,000 [trainer.py] => init_weight_decay: 0.0005
2024-06-20 11:30:46,000 [trainer.py] => expansion_epochs: 120
2024-06-20 11:30:46,001 [trainer.py] => fusion_epochs: 60
2024-06-20 11:30:46,001 [trainer.py] => lr: 0.1
2024-06-20 11:30:46,001 [trainer.py] => batch_size: 512
2024-06-20 11:30:46,001 [trainer.py] => weight_decay: 0.0005
2024-06-20 11:30:46,001 [trainer.py] => num_workers: 12
2024-06-20 11:30:46,001 [trainer.py] => reduce_batch_size: True
2024-06-20 11:30:46,002 [trainer.py] => T: 2
2024-06-20 11:30:59,028 [trainer.py] => config: ./configs/beef/imagenet-50-10.json
2024-06-20 11:30:59,028 [trainer.py] => prefix: fusion-energy-0.1-3-cosine-256-conv3-120epochs-cutout
2024-06-20 11:30:59,028 [trainer.py] => dataset: imagenet100
2024-06-20 11:30:59,028 [trainer.py] => memory_size: 2000
2024-06-20 11:30:59,029 [trainer.py] => memory_per_class: 20
2024-06-20 11:30:59,029 [trainer.py] => fixed_memory: True
2024-06-20 11:30:59,029 [trainer.py] => shuffle: True
2024-06-20 11:30:59,029 [trainer.py] => init_cls: 50
2024-06-20 11:30:59,029 [trainer.py] => increment: 10
2024-06-20 11:30:59,030 [trainer.py] => model_name: beefiso
2024-06-20 11:30:59,030 [trainer.py] => convnet_type: resnet18
2024-06-20 11:30:59,030 [trainer.py] => device: [device(type='cuda', index=0)]
2024-06-20 11:30:59,030 [trainer.py] => seed: 1993
2024-06-20 11:30:59,030 [trainer.py] => logits_alignment: 3
2024-06-20 11:30:59,030 [trainer.py] => energy_weight: 0.1
2024-06-20 11:30:59,031 [trainer.py] => is_compress: False
2024-06-20 11:30:59,031 [trainer.py] => init_epochs: 200
2024-06-20 11:30:59,031 [trainer.py] => init_lr: 0.1
2024-06-20 11:30:59,031 [trainer.py] => init_weight_decay: 0.0005
2024-06-20 11:30:59,031 [trainer.py] => expansion_epochs: 120
2024-06-20 11:30:59,031 [trainer.py] => fusion_epochs: 60
2024-06-20 11:30:59,031 [trainer.py] => lr: 0.1
2024-06-20 11:30:59,031 [trainer.py] => batch_size: 512
2024-06-20 11:30:59,032 [trainer.py] => weight_decay: 0.0005
2024-06-20 11:30:59,032 [trainer.py] => num_workers: 12
2024-06-20 11:30:59,032 [trainer.py] => reduce_batch_size: True
2024-06-20 11:30:59,032 [trainer.py] => T: 2
2024-06-20 11:42:14,133 [trainer.py] => config: ./configs/beef/imagenet-50-10.json
2024-06-20 11:42:14,134 [trainer.py] => prefix: fusion-energy-0.1-3-cosine-256-conv3-120epochs-cutout
2024-06-20 11:42:14,137 [trainer.py] => dataset: imagenet100
2024-06-20 11:42:14,139 [trainer.py] => memory_size: 2000
2024-06-20 11:42:14,139 [trainer.py] => memory_per_class: 20
2024-06-20 11:42:14,140 [trainer.py] => fixed_memory: True
2024-06-20 11:42:14,140 [trainer.py] => shuffle: True
2024-06-20 11:42:14,140 [trainer.py] => init_cls: 50
2024-06-20 11:42:14,141 [trainer.py] => increment: 10
2024-06-20 11:42:14,146 [trainer.py] => model_name: beefiso
2024-06-20 11:42:14,147 [trainer.py] => convnet_type: resnet18
2024-06-20 11:42:14,148 [trainer.py] => device: [device(type='cuda', index=0)]
2024-06-20 11:42:14,149 [trainer.py] => seed: 1993
2024-06-20 11:42:14,150 [trainer.py] => logits_alignment: 3
2024-06-20 11:42:14,150 [trainer.py] => energy_weight: 0.1
2024-06-20 11:42:14,151 [trainer.py] => is_compress: False
2024-06-20 11:42:14,152 [trainer.py] => init_epochs: 200
2024-06-20 11:42:14,153 [trainer.py] => init_lr: 0.1
2024-06-20 11:42:14,155 [trainer.py] => init_weight_decay: 0.0005
2024-06-20 11:42:14,156 [trainer.py] => expansion_epochs: 120
2024-06-20 11:42:14,158 [trainer.py] => fusion_epochs: 60
2024-06-20 11:42:14,159 [trainer.py] => lr: 0.1
2024-06-20 11:42:14,159 [trainer.py] => batch_size: 512
2024-06-20 11:42:14,160 [trainer.py] => weight_decay: 0.0005
2024-06-20 11:42:14,160 [trainer.py] => num_workers: 12
2024-06-20 11:42:14,161 [trainer.py] => reduce_batch_size: True
2024-06-20 11:42:14,162 [trainer.py] => T: 2
2024-06-20 11:44:54,599 [trainer.py] => config: ./configs/beef/imagenet-50-10.json
2024-06-20 11:44:54,600 [trainer.py] => prefix: fusion-energy-0.1-3-cosine-256-conv3-120epochs-cutout
2024-06-20 11:44:54,600 [trainer.py] => dataset: imagenet100
2024-06-20 11:44:54,600 [trainer.py] => memory_size: 2000
2024-06-20 11:44:54,600 [trainer.py] => memory_per_class: 20
2024-06-20 11:44:54,601 [trainer.py] => fixed_memory: True
2024-06-20 11:44:54,601 [trainer.py] => shuffle: True
2024-06-20 11:44:54,602 [trainer.py] => init_cls: 50
2024-06-20 11:44:54,602 [trainer.py] => increment: 10
2024-06-20 11:44:54,602 [trainer.py] => model_name: beefiso
2024-06-20 11:44:54,602 [trainer.py] => convnet_type: resnet18
2024-06-20 11:44:54,603 [trainer.py] => device: [device(type='cuda', index=0)]
2024-06-20 11:44:54,603 [trainer.py] => seed: 1993
2024-06-20 11:44:54,603 [trainer.py] => logits_alignment: 3
2024-06-20 11:44:54,603 [trainer.py] => energy_weight: 0.1
2024-06-20 11:44:54,603 [trainer.py] => is_compress: False
2024-06-20 11:44:54,604 [trainer.py] => init_epochs: 200
2024-06-20 11:44:54,604 [trainer.py] => init_lr: 0.1
2024-06-20 11:44:54,604 [trainer.py] => init_weight_decay: 0.0005
2024-06-20 11:44:54,604 [trainer.py] => expansion_epochs: 120
2024-06-20 11:44:54,605 [trainer.py] => fusion_epochs: 60
2024-06-20 11:44:54,605 [trainer.py] => lr: 0.1
2024-06-20 11:44:54,605 [trainer.py] => batch_size: 512
2024-06-20 11:44:54,605 [trainer.py] => weight_decay: 0.0005
2024-06-20 11:44:54,606 [trainer.py] => num_workers: 12
2024-06-20 11:44:54,606 [trainer.py] => reduce_batch_size: True
2024-06-20 11:44:54,606 [trainer.py] => T: 2
2024-06-20 11:46:47,353 [trainer.py] => config: ./configs/beef/imagenet-50-10.json
2024-06-20 11:46:47,353 [trainer.py] => prefix: fusion-energy-0.1-3-cosine-256-conv3-120epochs-cutout
2024-06-20 11:46:47,353 [trainer.py] => dataset: imagenet100
2024-06-20 11:46:47,353 [trainer.py] => memory_size: 2000
2024-06-20 11:46:47,353 [trainer.py] => memory_per_class: 20
2024-06-20 11:46:47,354 [trainer.py] => fixed_memory: True
2024-06-20 11:46:47,354 [trainer.py] => shuffle: True
2024-06-20 11:46:47,354 [trainer.py] => init_cls: 50
2024-06-20 11:46:47,354 [trainer.py] => increment: 10
2024-06-20 11:46:47,354 [trainer.py] => model_name: beefiso
2024-06-20 11:46:47,354 [trainer.py] => convnet_type: resnet18
2024-06-20 11:46:47,355 [trainer.py] => device: [device(type='cuda', index=0)]
2024-06-20 11:46:47,355 [trainer.py] => seed: 1993
2024-06-20 11:46:47,355 [trainer.py] => logits_alignment: 3
2024-06-20 11:46:47,355 [trainer.py] => energy_weight: 0.1
2024-06-20 11:46:47,355 [trainer.py] => is_compress: False
2024-06-20 11:46:47,355 [trainer.py] => init_epochs: 200
2024-06-20 11:46:47,355 [trainer.py] => init_lr: 0.1
2024-06-20 11:46:47,356 [trainer.py] => init_weight_decay: 0.0005
2024-06-20 11:46:47,356 [trainer.py] => expansion_epochs: 120
2024-06-20 11:46:47,356 [trainer.py] => fusion_epochs: 60
2024-06-20 11:46:47,356 [trainer.py] => lr: 0.1
2024-06-20 11:46:47,356 [trainer.py] => batch_size: 512
2024-06-20 11:46:47,356 [trainer.py] => weight_decay: 0.0005
2024-06-20 11:46:47,356 [trainer.py] => num_workers: 12
2024-06-20 11:46:47,357 [trainer.py] => reduce_batch_size: True
2024-06-20 11:46:47,357 [trainer.py] => T: 2
2024-06-20 11:50:42,426 [trainer.py] => config: ./configs/beef/imagenet-50-10.json\
2024-06-20 11:50:42,427 [trainer.py] => prefix: fusion-energy-0.1-3-cosine-256-conv3-120epochs-cutout
2024-06-20 11:50:42,427 [trainer.py] => dataset: imagenet100
2024-06-20 11:50:42,427 [trainer.py] => memory_size: 2000
2024-06-20 11:50:42,427 [trainer.py] => memory_per_class: 20
2024-06-20 11:50:42,428 [trainer.py] => fixed_memory: True
2024-06-20 11:50:42,428 [trainer.py] => shuffle: True
2024-06-20 11:50:42,428 [trainer.py] => init_cls: 50
2024-06-20 11:50:42,428 [trainer.py] => increment: 10
2024-06-20 11:50:42,428 [trainer.py] => model_name: beefiso
2024-06-20 11:50:42,428 [trainer.py] => convnet_type: resnet18
2024-06-20 11:50:42,429 [trainer.py] => device: [device(type='cuda', index=0)]
2024-06-20 11:50:42,429 [trainer.py] => seed: 1993
2024-06-20 11:50:42,429 [trainer.py] => logits_alignment: 3
2024-06-20 11:50:42,429 [trainer.py] => energy_weight: 0.1
2024-06-20 11:50:42,429 [trainer.py] => is_compress: False
2024-06-20 11:50:42,429 [trainer.py] => init_epochs: 200
2024-06-20 11:50:42,430 [trainer.py] => init_lr: 0.1
2024-06-20 11:50:42,430 [trainer.py] => init_weight_decay: 0.0005
2024-06-20 11:50:42,430 [trainer.py] => expansion_epochs: 120
2024-06-20 11:50:42,431 [trainer.py] => fusion_epochs: 60
2024-06-20 11:50:42,431 [trainer.py] => lr: 0.1
2024-06-20 11:50:42,431 [trainer.py] => batch_size: 512
2024-06-20 11:50:42,431 [trainer.py] => weight_decay: 0.0005
2024-06-20 11:50:42,431 [trainer.py] => num_workers: 12
2024-06-20 11:50:42,431 [trainer.py] => reduce_batch_size: True
2024-06-20 11:50:42,432 [trainer.py] => T: 2
2024-06-20 11:50:47,753 [trainer.py] => config: ./configs/beef/imagenet-50-10.json\
2024-06-20 11:50:47,754 [trainer.py] => prefix: fusion-energy-0.1-3-cosine-256-conv3-120epochs-cutout
2024-06-20 11:50:47,754 [trainer.py] => dataset: imagenet100
2024-06-20 11:50:47,754 [trainer.py] => memory_size: 2000
2024-06-20 11:50:47,754 [trainer.py] => memory_per_class: 20
2024-06-20 11:50:47,754 [trainer.py] => fixed_memory: True
2024-06-20 11:50:47,755 [trainer.py] => shuffle: True
2024-06-20 11:50:47,755 [trainer.py] => init_cls: 50
2024-06-20 11:50:47,755 [trainer.py] => increment: 10
2024-06-20 11:50:47,755 [trainer.py] => model_name: beefiso
2024-06-20 11:50:47,755 [trainer.py] => convnet_type: resnet18
2024-06-20 11:50:47,755 [trainer.py] => device: [device(type='cuda', index=0)]
2024-06-20 11:50:47,756 [trainer.py] => seed: 1993
2024-06-20 11:50:47,756 [trainer.py] => logits_alignment: 3
2024-06-20 11:50:47,756 [trainer.py] => energy_weight: 0.1
2024-06-20 11:50:47,756 [trainer.py] => is_compress: False
2024-06-20 11:50:47,756 [trainer.py] => init_epochs: 200
2024-06-20 11:50:47,756 [trainer.py] => init_lr: 0.1
2024-06-20 11:50:47,757 [trainer.py] => init_weight_decay: 0.0005
2024-06-20 11:50:47,757 [trainer.py] => expansion_epochs: 120
2024-06-20 11:50:47,757 [trainer.py] => fusion_epochs: 60
2024-06-20 11:50:47,757 [trainer.py] => lr: 0.1
2024-06-20 11:50:47,757 [trainer.py] => batch_size: 512
2024-06-20 11:50:47,757 [trainer.py] => weight_decay: 0.0005
2024-06-20 11:50:47,757 [trainer.py] => num_workers: 12
2024-06-20 11:50:47,758 [trainer.py] => reduce_batch_size: True
2024-06-20 11:50:47,758 [trainer.py] => T: 2
2024-06-20 11:51:04,619 [trainer.py] => config: ./configs/beef/imagenet-50-10.json
2024-06-20 11:51:04,620 [trainer.py] => prefix: fusion-energy-0.1-3-cosine-256-conv3-120epochs-cutout
2024-06-20 11:51:04,620 [trainer.py] => dataset: imagenet100
2024-06-20 11:51:04,620 [trainer.py] => memory_size: 2000
2024-06-20 11:51:04,621 [trainer.py] => memory_per_class: 20
2024-06-20 11:51:04,621 [trainer.py] => fixed_memory: True
2024-06-20 11:51:04,621 [trainer.py] => shuffle: True
2024-06-20 11:51:04,621 [trainer.py] => init_cls: 50
2024-06-20 11:51:04,621 [trainer.py] => increment: 10
2024-06-20 11:51:04,621 [trainer.py] => model_name: beefiso
2024-06-20 11:51:04,622 [trainer.py] => convnet_type: resnet18
2024-06-20 11:51:04,622 [trainer.py] => device: [device(type='cuda', index=0)]
2024-06-20 11:51:04,622 [trainer.py] => seed: 1993
2024-06-20 11:51:04,622 [trainer.py] => logits_alignment: 3
2024-06-20 11:51:04,622 [trainer.py] => energy_weight: 0.1
2024-06-20 11:51:04,622 [trainer.py] => is_compress: False
2024-06-20 11:51:04,622 [trainer.py] => init_epochs: 200
2024-06-20 11:51:04,623 [trainer.py] => init_lr: 0.1
2024-06-20 11:51:04,623 [trainer.py] => init_weight_decay: 0.0005
2024-06-20 11:51:04,623 [trainer.py] => expansion_epochs: 120
2024-06-20 11:51:04,623 [trainer.py] => fusion_epochs: 60
2024-06-20 11:51:04,623 [trainer.py] => lr: 0.1
2024-06-20 11:51:04,623 [trainer.py] => batch_size: 512
2024-06-20 11:51:04,624 [trainer.py] => weight_decay: 0.0005
2024-06-20 11:51:04,624 [trainer.py] => num_workers: 12
2024-06-20 11:51:04,624 [trainer.py] => reduce_batch_size: True
2024-06-20 11:51:04,624 [trainer.py] => T: 2
2024-06-20 12:27:18,286 [trainer.py] => config: ./configs/beef/imagenet-50-10.json
2024-06-20 12:27:18,286 [trainer.py] => prefix: fusion-energy-0.1-3-cosine-256-conv3-120epochs-cutout
2024-06-20 12:27:18,286 [trainer.py] => dataset: imagenet100
2024-06-20 12:27:18,287 [trainer.py] => memory_size: 2000
2024-06-20 12:27:18,287 [trainer.py] => memory_per_class: 20
2024-06-20 12:27:18,287 [trainer.py] => fixed_memory: True
2024-06-20 12:27:18,287 [trainer.py] => shuffle: True
2024-06-20 12:27:18,288 [trainer.py] => init_cls: 50
2024-06-20 12:27:18,288 [trainer.py] => increment: 10
2024-06-20 12:27:18,288 [trainer.py] => model_name: beefiso
2024-06-20 12:27:18,288 [trainer.py] => convnet_type: resnet18
2024-06-20 12:27:18,288 [trainer.py] => device: [device(type='cuda', index=0)]
2024-06-20 12:27:18,288 [trainer.py] => seed: 1993
2024-06-20 12:27:18,288 [trainer.py] => logits_alignment: 3
2024-06-20 12:27:18,289 [trainer.py] => energy_weight: 0.1
2024-06-20 12:27:18,289 [trainer.py] => is_compress: False
2024-06-20 12:27:18,289 [trainer.py] => init_epochs: 200
2024-06-20 12:27:18,289 [trainer.py] => init_lr: 0.1
2024-06-20 12:27:18,289 [trainer.py] => init_weight_decay: 0.0005
2024-06-20 12:27:18,289 [trainer.py] => expansion_epochs: 120
2024-06-20 12:27:18,289 [trainer.py] => fusion_epochs: 60
2024-06-20 12:27:18,290 [trainer.py] => lr: 0.1
2024-06-20 12:27:18,290 [trainer.py] => batch_size: 512
2024-06-20 12:27:18,290 [trainer.py] => weight_decay: 0.0005
2024-06-20 12:27:18,290 [trainer.py] => num_workers: 12
2024-06-20 12:27:18,290 [trainer.py] => reduce_batch_size: True
2024-06-20 12:27:18,290 [trainer.py] => T: 2
2024-06-20 12:27:19,247 [data_manager.py] => [168, 136, 51, 9, 183, 101, 171, 99, 42, 159, 191, 70, 16, 188, 27, 10, 175, 26, 68, 187, 98, 6, 85, 35, 112, 43, 100, 0, 103, 181, 88, 59, 4, 2, 116, 174, 94, 80, 106, 1, 147, 17, 141, 131, 72, 23, 173, 54, 197, 118, 87, 32, 79, 104, 91, 19, 135, 107, 178, 36, 11, 199, 142, 8, 122, 3, 28, 57, 153, 172, 190, 56, 49, 44, 97, 62, 151, 169, 194, 55, 192, 12, 189, 78, 66, 180, 15, 137, 109, 134, 92, 119, 126, 52, 170, 40, 148, 65, 144, 64, 138, 45, 77, 89, 154, 90, 71, 193, 74, 30, 113, 143, 96, 84, 67, 50, 186, 156, 69, 21, 18, 111, 108, 58, 125, 157, 150, 110, 182, 129, 166, 83, 81, 60, 13, 165, 14, 176, 63, 117, 5, 22, 145, 121, 38, 41, 82, 127, 114, 20, 31, 53, 37, 163, 196, 130, 152, 162, 86, 76, 24, 34, 184, 149, 33, 128, 198, 155, 146, 167, 139, 120, 140, 102, 47, 25, 158, 123, 46, 164, 61, 7, 115, 75, 133, 160, 105, 132, 179, 124, 48, 73, 93, 39, 95, 195, 29, 177, 185, 161]
2024-06-20 12:34:31,492 [trainer.py] => config: ./configs/beef/imagenet-50-10.json
2024-06-20 12:34:31,492 [trainer.py] => prefix: fusion-energy-0.1-3-cosine-256-conv3-120epochs-cutout
2024-06-20 12:34:31,492 [trainer.py] => dataset: imagenet100
2024-06-20 12:34:31,492 [trainer.py] => memory_size: 2000
2024-06-20 12:34:31,492 [trainer.py] => memory_per_class: 10
2024-06-20 12:34:31,493 [trainer.py] => fixed_memory: True
2024-06-20 12:34:31,493 [trainer.py] => shuffle: True
2024-06-20 12:34:31,493 [trainer.py] => init_cls: 50
2024-06-20 12:34:31,493 [trainer.py] => increment: 10
2024-06-20 12:34:31,493 [trainer.py] => model_name: beefiso
2024-06-20 12:34:31,493 [trainer.py] => convnet_type: resnet18
2024-06-20 12:34:31,494 [trainer.py] => device: [device(type='cuda', index=0)]
2024-06-20 12:34:31,494 [trainer.py] => seed: 1993
2024-06-20 12:34:31,494 [trainer.py] => logits_alignment: 3
2024-06-20 12:34:31,494 [trainer.py] => energy_weight: 0.1
2024-06-20 12:34:31,494 [trainer.py] => is_compress: False
2024-06-20 12:34:31,495 [trainer.py] => init_epochs: 200
2024-06-20 12:34:31,495 [trainer.py] => init_lr: 0.1
2024-06-20 12:34:31,495 [trainer.py] => init_weight_decay: 0.0005
2024-06-20 12:34:31,495 [trainer.py] => expansion_epochs: 120
2024-06-20 12:34:31,495 [trainer.py] => fusion_epochs: 60
2024-06-20 12:34:31,495 [trainer.py] => lr: 0.1
2024-06-20 12:34:31,496 [trainer.py] => batch_size: 512
2024-06-20 12:34:31,496 [trainer.py] => weight_decay: 0.0005
2024-06-20 12:34:31,496 [trainer.py] => num_workers: 12
2024-06-20 12:34:31,496 [trainer.py] => reduce_batch_size: True
2024-06-20 12:34:31,496 [trainer.py] => T: 2
2024-06-20 12:34:32,470 [data_manager.py] => [168, 136, 51, 9, 183, 101, 171, 99, 42, 159, 191, 70, 16, 188, 27, 10, 175, 26, 68, 187, 98, 6, 85, 35, 112, 43, 100, 0, 103, 181, 88, 59, 4, 2, 116, 174, 94, 80, 106, 1, 147, 17, 141, 131, 72, 23, 173, 54, 197, 118, 87, 32, 79, 104, 91, 19, 135, 107, 178, 36, 11, 199, 142, 8, 122, 3, 28, 57, 153, 172, 190, 56, 49, 44, 97, 62, 151, 169, 194, 55, 192, 12, 189, 78, 66, 180, 15, 137, 109, 134, 92, 119, 126, 52, 170, 40, 148, 65, 144, 64, 138, 45, 77, 89, 154, 90, 71, 193, 74, 30, 113, 143, 96, 84, 67, 50, 186, 156, 69, 21, 18, 111, 108, 58, 125, 157, 150, 110, 182, 129, 166, 83, 81, 60, 13, 165, 14, 176, 63, 117, 5, 22, 145, 121, 38, 41, 82, 127, 114, 20, 31, 53, 37, 163, 196, 130, 152, 162, 86, 76, 24, 34, 184, 149, 33, 128, 198, 155, 146, 167, 139, 120, 140, 102, 47, 25, 158, 123, 46, 164, 61, 7, 115, 75, 133, 160, 105, 132, 179, 124, 48, 73, 93, 39, 95, 195, 29, 177, 185, 161]
2024-06-20 12:37:59,655 [trainer.py] => config: ./configs/beef/imagenet-50-10.json
2024-06-20 12:37:59,655 [trainer.py] => prefix: fusion-energy-0.1-3-cosine-256-conv3-120epochs-cutout
2024-06-20 12:37:59,656 [trainer.py] => dataset: imagenet100
2024-06-20 12:37:59,656 [trainer.py] => memory_size: 2000
2024-06-20 12:37:59,656 [trainer.py] => memory_per_class: 20
2024-06-20 12:37:59,656 [trainer.py] => fixed_memory: True
2024-06-20 12:37:59,656 [trainer.py] => shuffle: True
2024-06-20 12:37:59,657 [trainer.py] => init_cls: 50
2024-06-20 12:37:59,657 [trainer.py] => increment: 10
2024-06-20 12:37:59,657 [trainer.py] => model_name: beefiso
2024-06-20 12:37:59,657 [trainer.py] => convnet_type: resnet18
2024-06-20 12:37:59,657 [trainer.py] => device: [device(type='cuda', index=0)]
2024-06-20 12:37:59,657 [trainer.py] => seed: 1993
2024-06-20 12:37:59,657 [trainer.py] => logits_alignment: 3
2024-06-20 12:37:59,658 [trainer.py] => energy_weight: 0.1
2024-06-20 12:37:59,658 [trainer.py] => is_compress: False
2024-06-20 12:37:59,658 [trainer.py] => init_epochs: 200
2024-06-20 12:37:59,658 [trainer.py] => init_lr: 0.1
2024-06-20 12:37:59,658 [trainer.py] => init_weight_decay: 0.0005
2024-06-20 12:37:59,658 [trainer.py] => expansion_epochs: 120
2024-06-20 12:37:59,658 [trainer.py] => fusion_epochs: 60
2024-06-20 12:37:59,659 [trainer.py] => lr: 0.1
2024-06-20 12:37:59,659 [trainer.py] => batch_size: 512
2024-06-20 12:37:59,659 [trainer.py] => weight_decay: 0.0005
2024-06-20 12:37:59,659 [trainer.py] => num_workers: 12
2024-06-20 12:37:59,659 [trainer.py] => reduce_batch_size: True
2024-06-20 12:37:59,659 [trainer.py] => T: 2
2024-06-20 12:38:00,620 [data_manager.py] => [68, 56, 78, 8, 23, 84, 90, 65, 74, 76, 40, 89, 3, 92, 55, 9, 26, 80, 43, 38, 58, 70, 77, 1, 85, 19, 17, 50, 28, 53, 13, 81, 45, 82, 6, 59, 83, 16, 15, 44, 91, 41, 72, 60, 79, 52, 20, 10, 31, 54, 37, 95, 14, 71, 96, 98, 97, 2, 64, 66, 42, 22, 35, 86, 24, 34, 87, 21, 99, 0, 88, 27, 18, 94, 11, 12, 47, 25, 30, 46, 62, 69, 36, 61, 7, 63, 75, 5, 32, 4, 51, 48, 73, 93, 39, 67, 29, 49, 57, 33]
2024-06-20 12:38:00,823 [trainer.py] => All params: 0
2024-06-20 12:38:00,823 [trainer.py] => Trainable params: 0
2024-06-20 12:38:00,957 [beef_iso.py] => Learning on 0-50
2024-06-20 12:38:00,957 [beef_iso.py] => All params: 11220132
2024-06-20 12:38:00,958 [beef_iso.py] => Trainable params: 11220132
2024-06-20 12:39:01,331 [trainer.py] => config: ./configs/beef/imagenet-50-10.json
2024-06-20 12:39:01,331 [trainer.py] => prefix: fusion-energy-0.1-3-cosine-256-conv3-120epochs-cutout
2024-06-20 12:39:01,332 [trainer.py] => dataset: imagenet100
2024-06-20 12:39:01,332 [trainer.py] => memory_size: 2000
2024-06-20 12:39:01,332 [trainer.py] => memory_per_class: 20
2024-06-20 12:39:01,332 [trainer.py] => fixed_memory: True
2024-06-20 12:39:01,332 [trainer.py] => shuffle: True
2024-06-20 12:39:01,333 [trainer.py] => init_cls: 50
2024-06-20 12:39:01,333 [trainer.py] => increment: 10
2024-06-20 12:39:01,333 [trainer.py] => model_name: beefiso
2024-06-20 12:39:01,333 [trainer.py] => convnet_type: resnet18
2024-06-20 12:39:01,333 [trainer.py] => device: [device(type='cuda', index=0)]
2024-06-20 12:39:01,334 [trainer.py] => seed: 1993
2024-06-20 12:39:01,334 [trainer.py] => logits_alignment: 3
2024-06-20 12:39:01,334 [trainer.py] => energy_weight: 0.1
2024-06-20 12:39:01,334 [trainer.py] => is_compress: False
2024-06-20 12:39:01,334 [trainer.py] => init_epochs: 200
2024-06-20 12:39:01,335 [trainer.py] => init_lr: 0.1
2024-06-20 12:39:01,335 [trainer.py] => init_weight_decay: 0.0005
2024-06-20 12:39:01,335 [trainer.py] => expansion_epochs: 120
2024-06-20 12:39:01,335 [trainer.py] => fusion_epochs: 60
2024-06-20 12:39:01,335 [trainer.py] => lr: 0.1
2024-06-20 12:39:01,335 [trainer.py] => batch_size: 512
2024-06-20 12:39:01,336 [trainer.py] => weight_decay: 0.0005
2024-06-20 12:39:01,336 [trainer.py] => num_workers: 12
2024-06-20 12:39:01,336 [trainer.py] => reduce_batch_size: True
2024-06-20 12:39:01,336 [trainer.py] => T: 2
2024-06-20 12:39:02,280 [data_manager.py] => [68, 56, 78, 8, 23, 84, 90, 65, 74, 76, 40, 89, 3, 92, 55, 9, 26, 80, 43, 38, 58, 70, 77, 1, 85, 19, 17, 50, 28, 53, 13, 81, 45, 82, 6, 59, 83, 16, 15, 44, 91, 41, 72, 60, 79, 52, 20, 10, 31, 54, 37, 95, 14, 71, 96, 98, 97, 2, 64, 66, 42, 22, 35, 86, 24, 34, 87, 21, 99, 0, 88, 27, 18, 94, 11, 12, 47, 25, 30, 46, 62, 69, 36, 61, 7, 63, 75, 5, 32, 4, 51, 48, 73, 93, 39, 67, 29, 49, 57, 33]
2024-06-20 12:39:02,483 [trainer.py] => All params: 0
2024-06-20 12:39:02,484 [trainer.py] => Trainable params: 0
2024-06-20 12:39:02,598 [beef_iso.py] => Learning on 0-50
2024-06-20 12:39:02,599 [beef_iso.py] => All params: 11220132
2024-06-20 12:39:02,599 [beef_iso.py] => Trainable params: 11220132
2024-06-20 12:49:57,673 [trainer.py] => config: ./configs/beef/imagenet-50-10.json
2024-06-20 12:49:57,673 [trainer.py] => prefix: fusion-energy-0.1-3-cosine-256-conv3-120epochs-cutout
2024-06-20 12:49:57,674 [trainer.py] => dataset: imagenet100
2024-06-20 12:49:57,674 [trainer.py] => memory_size: 2000
2024-06-20 12:49:57,674 [trainer.py] => memory_per_class: 20
2024-06-20 12:49:57,674 [trainer.py] => fixed_memory: True
2024-06-20 12:49:57,674 [trainer.py] => shuffle: True
2024-06-20 12:49:57,675 [trainer.py] => init_cls: 50
2024-06-20 12:49:57,675 [trainer.py] => increment: 10
2024-06-20 12:49:57,675 [trainer.py] => model_name: beefiso
2024-06-20 12:49:57,675 [trainer.py] => convnet_type: resnet18
2024-06-20 12:49:57,675 [trainer.py] => device: [device(type='cuda', index=0)]
2024-06-20 12:49:57,675 [trainer.py] => seed: 1993
2024-06-20 12:49:57,675 [trainer.py] => logits_alignment: 3
2024-06-20 12:49:57,675 [trainer.py] => energy_weight: 0.1
2024-06-20 12:49:57,676 [trainer.py] => is_compress: False
2024-06-20 12:49:57,676 [trainer.py] => init_epochs: 200
2024-06-20 12:49:57,676 [trainer.py] => init_lr: 0.1
2024-06-20 12:49:57,676 [trainer.py] => init_weight_decay: 0.0005
2024-06-20 12:49:57,676 [trainer.py] => expansion_epochs: 120
2024-06-20 12:49:57,676 [trainer.py] => fusion_epochs: 60
2024-06-20 12:49:57,676 [trainer.py] => lr: 0.1
2024-06-20 12:49:57,676 [trainer.py] => batch_size: 512
2024-06-20 12:49:57,677 [trainer.py] => weight_decay: 0.0005
2024-06-20 12:49:57,677 [trainer.py] => num_workers: 12
2024-06-20 12:49:57,677 [trainer.py] => reduce_batch_size: True
2024-06-20 12:49:57,677 [trainer.py] => T: 2
2024-06-20 12:49:58,967 [data_manager.py] => [68, 56, 78, 8, 23, 84, 90, 65, 74, 76, 40, 89, 3, 92, 55, 9, 26, 80, 43, 38, 58, 70, 77, 1, 85, 19, 17, 50, 28, 53, 13, 81, 45, 82, 6, 59, 83, 16, 15, 44, 91, 41, 72, 60, 79, 52, 20, 10, 31, 54, 37, 95, 14, 71, 96, 98, 97, 2, 64, 66, 42, 22, 35, 86, 24, 34, 87, 21, 99, 0, 88, 27, 18, 94, 11, 12, 47, 25, 30, 46, 62, 69, 36, 61, 7, 63, 75, 5, 32, 4, 51, 48, 73, 93, 39, 67, 29, 49, 57, 33]
2024-06-20 12:49:59,132 [trainer.py] => All params: 0
2024-06-20 12:49:59,132 [trainer.py] => Trainable params: 0
2024-06-20 12:49:59,237 [beef_iso.py] => Learning on 0-50
2024-06-20 12:49:59,238 [beef_iso.py] => All params: 11220132
2024-06-20 12:49:59,238 [beef_iso.py] => Trainable params: 11220132
2024-06-20 12:51:39,817 [trainer.py] => config: ./configs/beef/imagenet-50-10.json
2024-06-20 12:51:39,817 [trainer.py] => prefix: fusion-energy-0.1-3-cosine-256-conv3-120epochs-cutout
2024-06-20 12:51:39,818 [trainer.py] => dataset: imagenet100
2024-06-20 12:51:39,818 [trainer.py] => memory_size: 2000
2024-06-20 12:51:39,819 [trainer.py] => memory_per_class: 20
2024-06-20 12:51:39,819 [trainer.py] => fixed_memory: True
2024-06-20 12:51:39,819 [trainer.py] => shuffle: True
2024-06-20 12:51:39,819 [trainer.py] => init_cls: 50
2024-06-20 12:51:39,819 [trainer.py] => increment: 10
2024-06-20 12:51:39,820 [trainer.py] => model_name: beefiso
2024-06-20 12:51:39,820 [trainer.py] => convnet_type: resnet18
2024-06-20 12:51:39,820 [trainer.py] => device: [device(type='cuda', index=0)]
2024-06-20 12:51:39,820 [trainer.py] => seed: 1993
2024-06-20 12:51:39,820 [trainer.py] => logits_alignment: 3
2024-06-20 12:51:39,820 [trainer.py] => energy_weight: 0.1
2024-06-20 12:51:39,820 [trainer.py] => is_compress: False
2024-06-20 12:51:39,821 [trainer.py] => init_epochs: 200
2024-06-20 12:51:39,821 [trainer.py] => init_lr: 0.1
2024-06-20 12:51:39,821 [trainer.py] => init_weight_decay: 0.0005
2024-06-20 12:51:39,821 [trainer.py] => expansion_epochs: 120
2024-06-20 12:51:39,821 [trainer.py] => fusion_epochs: 60
2024-06-20 12:51:39,821 [trainer.py] => lr: 0.1
2024-06-20 12:51:39,821 [trainer.py] => batch_size: 256
2024-06-20 12:51:39,821 [trainer.py] => weight_decay: 0.0005
2024-06-20 12:51:39,821 [trainer.py] => num_workers: 12
2024-06-20 12:51:39,822 [trainer.py] => reduce_batch_size: True
2024-06-20 12:51:39,822 [trainer.py] => T: 2
2024-06-20 12:51:41,169 [data_manager.py] => [68, 56, 78, 8, 23, 84, 90, 65, 74, 76, 40, 89, 3, 92, 55, 9, 26, 80, 43, 38, 58, 70, 77, 1, 85, 19, 17, 50, 28, 53, 13, 81, 45, 82, 6, 59, 83, 16, 15, 44, 91, 41, 72, 60, 79, 52, 20, 10, 31, 54, 37, 95, 14, 71, 96, 98, 97, 2, 64, 66, 42, 22, 35, 86, 24, 34, 87, 21, 99, 0, 88, 27, 18, 94, 11, 12, 47, 25, 30, 46, 62, 69, 36, 61, 7, 63, 75, 5, 32, 4, 51, 48, 73, 93, 39, 67, 29, 49, 57, 33]
2024-06-20 12:51:41,331 [trainer.py] => All params: 0
2024-06-20 12:51:41,332 [trainer.py] => Trainable params: 0
2024-06-20 12:51:41,436 [beef_iso.py] => Learning on 0-50
2024-06-20 12:51:41,437 [beef_iso.py] => All params: 11220132
2024-06-20 12:51:41,437 [beef_iso.py] => Trainable params: 11220132
2024-06-20 12:54:14,941 [trainer.py] => config: ./configs/beef/imagenet-50-10.json
2024-06-20 12:54:14,941 [trainer.py] => prefix: fusion-energy-0.1-3-cosine-256-conv3-120epochs-cutout
2024-06-20 12:54:14,942 [trainer.py] => dataset: imagenet100
2024-06-20 12:54:14,942 [trainer.py] => memory_size: 2000
2024-06-20 12:54:14,942 [trainer.py] => memory_per_class: 20
2024-06-20 12:54:14,942 [trainer.py] => fixed_memory: True
2024-06-20 12:54:14,942 [trainer.py] => shuffle: True
2024-06-20 12:54:14,942 [trainer.py] => init_cls: 50
2024-06-20 12:54:14,943 [trainer.py] => increment: 10
2024-06-20 12:54:14,943 [trainer.py] => model_name: beefiso
2024-06-20 12:54:14,943 [trainer.py] => convnet_type: resnet18
2024-06-20 12:54:14,943 [trainer.py] => device: [device(type='cuda', index=0)]
2024-06-20 12:54:14,943 [trainer.py] => seed: 1993
2024-06-20 12:54:14,943 [trainer.py] => logits_alignment: 3
2024-06-20 12:54:14,943 [trainer.py] => energy_weight: 0.1
2024-06-20 12:54:14,944 [trainer.py] => is_compress: False
2024-06-20 12:54:14,944 [trainer.py] => init_epochs: 200
2024-06-20 12:54:14,944 [trainer.py] => init_lr: 0.1
2024-06-20 12:54:14,944 [trainer.py] => init_weight_decay: 0.0005
2024-06-20 12:54:14,944 [trainer.py] => expansion_epochs: 120
2024-06-20 12:54:14,944 [trainer.py] => fusion_epochs: 60
2024-06-20 12:54:14,944 [trainer.py] => lr: 0.1
2024-06-20 12:54:14,944 [trainer.py] => batch_size: 256
2024-06-20 12:54:14,945 [trainer.py] => weight_decay: 0.0005
2024-06-20 12:54:14,945 [trainer.py] => num_workers: 8
2024-06-20 12:54:14,945 [trainer.py] => reduce_batch_size: True
2024-06-20 12:54:14,945 [trainer.py] => T: 2
2024-06-20 12:54:15,738 [data_manager.py] => [68, 56, 78, 8, 23, 84, 90, 65, 74, 76, 40, 89, 3, 92, 55, 9, 26, 80, 43, 38, 58, 70, 77, 1, 85, 19, 17, 50, 28, 53, 13, 81, 45, 82, 6, 59, 83, 16, 15, 44, 91, 41, 72, 60, 79, 52, 20, 10, 31, 54, 37, 95, 14, 71, 96, 98, 97, 2, 64, 66, 42, 22, 35, 86, 24, 34, 87, 21, 99, 0, 88, 27, 18, 94, 11, 12, 47, 25, 30, 46, 62, 69, 36, 61, 7, 63, 75, 5, 32, 4, 51, 48, 73, 93, 39, 67, 29, 49, 57, 33]
2024-06-20 12:54:15,903 [trainer.py] => All params: 0
2024-06-20 12:54:15,904 [trainer.py] => Trainable params: 0
2024-06-20 12:54:16,001 [beef_iso.py] => Learning on 0-50
2024-06-20 12:54:16,001 [beef_iso.py] => All params: 11220132
2024-06-20 12:54:16,002 [beef_iso.py] => Trainable params: 11220132
2024-06-20 12:55:57,968 [trainer.py] => config: ./configs/beef/imagenet-50-10.json
2024-06-20 12:55:57,968 [trainer.py] => prefix: fusion-energy-0.1-3-cosine-256-conv3-120epochs-cutout
2024-06-20 12:55:57,968 [trainer.py] => dataset: imagenet100
2024-06-20 12:55:57,969 [trainer.py] => memory_size: 2000
2024-06-20 12:55:57,969 [trainer.py] => memory_per_class: 20
2024-06-20 12:55:57,969 [trainer.py] => fixed_memory: True
2024-06-20 12:55:57,969 [trainer.py] => shuffle: True
2024-06-20 12:55:57,969 [trainer.py] => init_cls: 50
2024-06-20 12:55:57,969 [trainer.py] => increment: 10
2024-06-20 12:55:57,969 [trainer.py] => model_name: beefiso
2024-06-20 12:55:57,969 [trainer.py] => convnet_type: resnet18
2024-06-20 12:55:57,970 [trainer.py] => device: [device(type='cuda', index=0)]
2024-06-20 12:55:57,970 [trainer.py] => seed: 1993
2024-06-20 12:55:57,970 [trainer.py] => logits_alignment: 3
2024-06-20 12:55:57,970 [trainer.py] => energy_weight: 0.1
2024-06-20 12:55:57,970 [trainer.py] => is_compress: False
2024-06-20 12:55:57,970 [trainer.py] => init_epochs: 200
2024-06-20 12:55:57,971 [trainer.py] => init_lr: 0.1
2024-06-20 12:55:57,971 [trainer.py] => init_weight_decay: 0.0005
2024-06-20 12:55:57,971 [trainer.py] => expansion_epochs: 120
2024-06-20 12:55:57,971 [trainer.py] => fusion_epochs: 60
2024-06-20 12:55:57,971 [trainer.py] => lr: 0.1
2024-06-20 12:55:57,971 [trainer.py] => batch_size: 128
2024-06-20 12:55:57,971 [trainer.py] => weight_decay: 0.0005
2024-06-20 12:55:57,971 [trainer.py] => num_workers: 8
2024-06-20 12:55:57,972 [trainer.py] => reduce_batch_size: True
2024-06-20 12:55:57,972 [trainer.py] => T: 2
2024-06-20 12:55:58,775 [data_manager.py] => [68, 56, 78, 8, 23, 84, 90, 65, 74, 76, 40, 89, 3, 92, 55, 9, 26, 80, 43, 38, 58, 70, 77, 1, 85, 19, 17, 50, 28, 53, 13, 81, 45, 82, 6, 59, 83, 16, 15, 44, 91, 41, 72, 60, 79, 52, 20, 10, 31, 54, 37, 95, 14, 71, 96, 98, 97, 2, 64, 66, 42, 22, 35, 86, 24, 34, 87, 21, 99, 0, 88, 27, 18, 94, 11, 12, 47, 25, 30, 46, 62, 69, 36, 61, 7, 63, 75, 5, 32, 4, 51, 48, 73, 93, 39, 67, 29, 49, 57, 33]
2024-06-20 12:55:58,941 [trainer.py] => All params: 0
2024-06-20 12:55:58,941 [trainer.py] => Trainable params: 0
2024-06-20 12:55:59,038 [beef_iso.py] => Learning on 0-50
2024-06-20 12:55:59,038 [beef_iso.py] => All params: 11220132
2024-06-20 12:55:59,039 [beef_iso.py] => Trainable params: 11220132
2024-06-20 12:59:25,668 [trainer.py] => config: ./configs/beef/imagenet-50-10.json
2024-06-20 12:59:25,668 [trainer.py] => prefix: fusion-energy-0.1-3-cosine-256-conv3-120epochs-cutout
2024-06-20 12:59:25,668 [trainer.py] => dataset: imagenet100
2024-06-20 12:59:25,669 [trainer.py] => memory_size: 2000
2024-06-20 12:59:25,669 [trainer.py] => memory_per_class: 20
2024-06-20 12:59:25,669 [trainer.py] => fixed_memory: True
2024-06-20 12:59:25,669 [trainer.py] => shuffle: True
2024-06-20 12:59:25,669 [trainer.py] => init_cls: 50
2024-06-20 12:59:25,669 [trainer.py] => increment: 10
2024-06-20 12:59:25,670 [trainer.py] => model_name: beefiso
2024-06-20 12:59:25,670 [trainer.py] => convnet_type: resnet18
2024-06-20 12:59:25,670 [trainer.py] => device: [device(type='cuda', index=0)]
2024-06-20 12:59:25,670 [trainer.py] => seed: 1993
2024-06-20 12:59:25,670 [trainer.py] => logits_alignment: 3
2024-06-20 12:59:25,670 [trainer.py] => energy_weight: 0.1
2024-06-20 12:59:25,670 [trainer.py] => is_compress: False
2024-06-20 12:59:25,671 [trainer.py] => init_epochs: 200
2024-06-20 12:59:25,671 [trainer.py] => init_lr: 0.1
2024-06-20 12:59:25,671 [trainer.py] => init_weight_decay: 0.0005
2024-06-20 12:59:25,671 [trainer.py] => expansion_epochs: 120
2024-06-20 12:59:25,671 [trainer.py] => fusion_epochs: 60
2024-06-20 12:59:25,671 [trainer.py] => lr: 0.1
2024-06-20 12:59:25,671 [trainer.py] => batch_size: 128
2024-06-20 12:59:25,671 [trainer.py] => weight_decay: 0.0005
2024-06-20 12:59:25,672 [trainer.py] => num_workers: 6
2024-06-20 12:59:25,672 [trainer.py] => reduce_batch_size: True
2024-06-20 12:59:25,672 [trainer.py] => T: 2
2024-06-20 12:59:26,470 [data_manager.py] => [68, 56, 78, 8, 23, 84, 90, 65, 74, 76, 40, 89, 3, 92, 55, 9, 26, 80, 43, 38, 58, 70, 77, 1, 85, 19, 17, 50, 28, 53, 13, 81, 45, 82, 6, 59, 83, 16, 15, 44, 91, 41, 72, 60, 79, 52, 20, 10, 31, 54, 37, 95, 14, 71, 96, 98, 97, 2, 64, 66, 42, 22, 35, 86, 24, 34, 87, 21, 99, 0, 88, 27, 18, 94, 11, 12, 47, 25, 30, 46, 62, 69, 36, 61, 7, 63, 75, 5, 32, 4, 51, 48, 73, 93, 39, 67, 29, 49, 57, 33]
2024-06-20 12:59:26,636 [trainer.py] => All params: 0
2024-06-20 12:59:26,636 [trainer.py] => Trainable params: 0
2024-06-20 12:59:26,732 [beef_iso.py] => Learning on 0-50
2024-06-20 12:59:26,732 [beef_iso.py] => All params: 11220132
2024-06-20 12:59:26,733 [beef_iso.py] => Trainable params: 11220132
2024-06-20 13:04:12,940 [trainer.py] => config: ./configs/beef/imagenet-50-10.json
2024-06-20 13:04:12,940 [trainer.py] => prefix: fusion-energy-0.1-3-cosine-256-conv3-120epochs-cutout
2024-06-20 13:04:12,940 [trainer.py] => dataset: imagenet100
2024-06-20 13:04:12,940 [trainer.py] => memory_size: 2000
2024-06-20 13:04:12,940 [trainer.py] => memory_per_class: 20
2024-06-20 13:04:12,940 [trainer.py] => fixed_memory: True
2024-06-20 13:04:12,941 [trainer.py] => shuffle: True
2024-06-20 13:04:12,941 [trainer.py] => init_cls: 50
2024-06-20 13:04:12,941 [trainer.py] => increment: 10
2024-06-20 13:04:12,941 [trainer.py] => model_name: beefiso
2024-06-20 13:04:12,941 [trainer.py] => convnet_type: resnet18
2024-06-20 13:04:12,941 [trainer.py] => device: [device(type='cuda', index=0)]
2024-06-20 13:04:12,941 [trainer.py] => seed: 1993
2024-06-20 13:04:12,941 [trainer.py] => logits_alignment: 3
2024-06-20 13:04:12,942 [trainer.py] => energy_weight: 0.1
2024-06-20 13:04:12,942 [trainer.py] => is_compress: False
2024-06-20 13:04:12,942 [trainer.py] => init_epochs: 200
2024-06-20 13:04:12,942 [trainer.py] => init_lr: 0.1
2024-06-20 13:04:12,942 [trainer.py] => init_weight_decay: 0.0005
2024-06-20 13:04:12,942 [trainer.py] => expansion_epochs: 120
2024-06-20 13:04:12,942 [trainer.py] => fusion_epochs: 60
2024-06-20 13:04:12,942 [trainer.py] => lr: 0.1
2024-06-20 13:04:12,943 [trainer.py] => batch_size: 128
2024-06-20 13:04:12,943 [trainer.py] => weight_decay: 0.0005
2024-06-20 13:04:12,943 [trainer.py] => num_workers: 6
2024-06-20 13:04:12,943 [trainer.py] => reduce_batch_size: True
2024-06-20 13:04:12,943 [trainer.py] => T: 2
2024-06-20 13:04:13,763 [data_manager.py] => [68, 56, 78, 8, 23, 84, 90, 65, 74, 76, 40, 89, 3, 92, 55, 9, 26, 80, 43, 38, 58, 70, 77, 1, 85, 19, 17, 50, 28, 53, 13, 81, 45, 82, 6, 59, 83, 16, 15, 44, 91, 41, 72, 60, 79, 52, 20, 10, 31, 54, 37, 95, 14, 71, 96, 98, 97, 2, 64, 66, 42, 22, 35, 86, 24, 34, 87, 21, 99, 0, 88, 27, 18, 94, 11, 12, 47, 25, 30, 46, 62, 69, 36, 61, 7, 63, 75, 5, 32, 4, 51, 48, 73, 93, 39, 67, 29, 49, 57, 33]
2024-06-20 13:04:13,939 [trainer.py] => All params: 0
2024-06-20 13:04:13,939 [trainer.py] => Trainable params: 0
2024-06-20 13:04:14,059 [beef_iso.py] => Learning on 0-50
2024-06-20 13:04:14,059 [beef_iso.py] => All params: 11220132
2024-06-20 13:04:14,060 [beef_iso.py] => Trainable params: 11220132
2024-06-20 13:05:23,418 [trainer.py] => config: ./configs/beef/imagenet-50-10.json
2024-06-20 13:05:23,433 [trainer.py] => prefix: fusion-energy-0.1-3-cosine-256-conv3-120epochs-cutout
2024-06-20 13:05:23,433 [trainer.py] => dataset: imagenet100
2024-06-20 13:05:23,433 [trainer.py] => memory_size: 2000
2024-06-20 13:05:23,433 [trainer.py] => memory_per_class: 20
2024-06-20 13:05:23,433 [trainer.py] => fixed_memory: True
2024-06-20 13:05:23,433 [trainer.py] => shuffle: True
2024-06-20 13:05:23,433 [trainer.py] => init_cls: 50
2024-06-20 13:05:23,433 [trainer.py] => increment: 10
2024-06-20 13:05:23,433 [trainer.py] => model_name: beefiso
2024-06-20 13:05:23,433 [trainer.py] => convnet_type: resnet18
2024-06-20 13:05:23,433 [trainer.py] => device: [device(type='cuda', index=0)]
2024-06-20 13:05:23,433 [trainer.py] => seed: 1993
2024-06-20 13:05:23,433 [trainer.py] => logits_alignment: 3
2024-06-20 13:05:23,433 [trainer.py] => energy_weight: 0.1
2024-06-20 13:05:23,433 [trainer.py] => is_compress: False
2024-06-20 13:05:23,433 [trainer.py] => init_epochs: 200
2024-06-20 13:05:23,433 [trainer.py] => init_lr: 0.1
2024-06-20 13:05:23,433 [trainer.py] => init_weight_decay: 0.0005
2024-06-20 13:05:23,433 [trainer.py] => expansion_epochs: 120
2024-06-20 13:05:23,433 [trainer.py] => fusion_epochs: 60
2024-06-20 13:05:23,433 [trainer.py] => lr: 0.1
2024-06-20 13:05:23,433 [trainer.py] => batch_size: 64
2024-06-20 13:05:23,433 [trainer.py] => weight_decay: 0.0005
2024-06-20 13:05:23,433 [trainer.py] => num_workers: 6
2024-06-20 13:05:23,433 [trainer.py] => reduce_batch_size: True
2024-06-20 13:05:23,433 [trainer.py] => T: 2
2024-06-20 13:05:24,193 [data_manager.py] => [68, 56, 78, 8, 23, 84, 90, 65, 74, 76, 40, 89, 3, 92, 55, 9, 26, 80, 43, 38, 58, 70, 77, 1, 85, 19, 17, 50, 28, 53, 13, 81, 45, 82, 6, 59, 83, 16, 15, 44, 91, 41, 72, 60, 79, 52, 20, 10, 31, 54, 37, 95, 14, 71, 96, 98, 97, 2, 64, 66, 42, 22, 35, 86, 24, 34, 87, 21, 99, 0, 88, 27, 18, 94, 11, 12, 47, 25, 30, 46, 62, 69, 36, 61, 7, 63, 75, 5, 32, 4, 51, 48, 73, 93, 39, 67, 29, 49, 57, 33]
2024-06-20 13:05:24,361 [trainer.py] => All params: 0
2024-06-20 13:05:24,361 [trainer.py] => Trainable params: 0
2024-06-20 13:05:24,451 [beef_iso.py] => Learning on 0-50
2024-06-20 13:05:24,451 [beef_iso.py] => All params: 11220132
2024-06-20 13:05:24,451 [beef_iso.py] => Trainable params: 11220132
2024-06-20 19:15:44,718 [trainer.py] => config: ./configs/beef/imagenet-50-10.json
2024-06-20 19:15:44,718 [trainer.py] => prefix: fusion-energy-0.1-3-cosine-256-conv3-120epochs-cutout
2024-06-20 19:15:44,718 [trainer.py] => dataset: imagenet100
2024-06-20 19:15:44,719 [trainer.py] => memory_size: 2000
2024-06-20 19:15:44,719 [trainer.py] => memory_per_class: 20
2024-06-20 19:15:44,719 [trainer.py] => fixed_memory: True
2024-06-20 19:15:44,719 [trainer.py] => shuffle: True
2024-06-20 19:15:44,719 [trainer.py] => init_cls: 50
2024-06-20 19:15:44,719 [trainer.py] => increment: 10
2024-06-20 19:15:44,719 [trainer.py] => model_name: beefiso
2024-06-20 19:15:44,720 [trainer.py] => convnet_type: resnet18
2024-06-20 19:15:44,720 [trainer.py] => device: [device(type='cuda', index=0)]
2024-06-20 19:15:44,720 [trainer.py] => seed: 1993
2024-06-20 19:15:44,720 [trainer.py] => logits_alignment: 3
2024-06-20 19:15:44,720 [trainer.py] => energy_weight: 0.1
2024-06-20 19:15:44,720 [trainer.py] => is_compress: False
2024-06-20 19:15:44,721 [trainer.py] => init_epochs: 200
2024-06-20 19:15:44,721 [trainer.py] => init_lr: 0.1
2024-06-20 19:15:44,721 [trainer.py] => init_weight_decay: 0.0005
2024-06-20 19:15:44,721 [trainer.py] => expansion_epochs: 120
2024-06-20 19:15:44,721 [trainer.py] => fusion_epochs: 60
2024-06-20 19:15:44,721 [trainer.py] => lr: 0.1
2024-06-20 19:15:44,722 [trainer.py] => batch_size: 64
2024-06-20 19:15:44,722 [trainer.py] => weight_decay: 0.0005
2024-06-20 19:15:44,722 [trainer.py] => num_workers: 6
2024-06-20 19:15:44,722 [trainer.py] => reduce_batch_size: True
2024-06-20 19:15:44,722 [trainer.py] => T: 2
2024-06-20 19:15:45,545 [data_manager.py] => [68, 56, 78, 8, 23, 84, 90, 65, 74, 76, 40, 89, 3, 92, 55, 9, 26, 80, 43, 38, 58, 70, 77, 1, 85, 19, 17, 50, 28, 53, 13, 81, 45, 82, 6, 59, 83, 16, 15, 44, 91, 41, 72, 60, 79, 52, 20, 10, 31, 54, 37, 95, 14, 71, 96, 98, 97, 2, 64, 66, 42, 22, 35, 86, 24, 34, 87, 21, 99, 0, 88, 27, 18, 94, 11, 12, 47, 25, 30, 46, 62, 69, 36, 61, 7, 63, 75, 5, 32, 4, 51, 48, 73, 93, 39, 67, 29, 49, 57, 33]
2024-06-20 19:15:45,718 [trainer.py] => All params: 0
2024-06-20 19:15:45,718 [trainer.py] => Trainable params: 0
2024-06-20 19:15:45,822 [beef_iso.py] => Learning on 0-50
2024-06-20 19:15:45,823 [beef_iso.py] => All params: 11220132
2024-06-20 19:15:45,823 [beef_iso.py] => Trainable params: 11220132
2024-06-20 19:18:46,543 [trainer.py] => config: ./configs/beef/imagenet-50-10.json
2024-06-20 19:18:46,543 [trainer.py] => prefix: fusion-energy-0.1-3-cosine-256-conv3-120epochs-cutout
2024-06-20 19:18:46,543 [trainer.py] => dataset: imagenet100
2024-06-20 19:18:46,544 [trainer.py] => memory_size: 2000
2024-06-20 19:18:46,544 [trainer.py] => memory_per_class: 20
2024-06-20 19:18:46,544 [trainer.py] => fixed_memory: True
2024-06-20 19:18:46,544 [trainer.py] => shuffle: True
2024-06-20 19:18:46,544 [trainer.py] => init_cls: 50
2024-06-20 19:18:46,544 [trainer.py] => increment: 10
2024-06-20 19:18:46,545 [trainer.py] => model_name: beefiso
2024-06-20 19:18:46,545 [trainer.py] => convnet_type: resnet18
2024-06-20 19:18:46,545 [trainer.py] => device: [device(type='cuda', index=0)]
2024-06-20 19:18:46,545 [trainer.py] => seed: 1993
2024-06-20 19:18:46,545 [trainer.py] => logits_alignment: 3
2024-06-20 19:18:46,545 [trainer.py] => energy_weight: 0.1
2024-06-20 19:18:46,545 [trainer.py] => is_compress: False
2024-06-20 19:18:46,545 [trainer.py] => init_epochs: 20
2024-06-20 19:18:46,546 [trainer.py] => init_lr: 0.1
2024-06-20 19:18:46,546 [trainer.py] => init_weight_decay: 0.0005
2024-06-20 19:18:46,546 [trainer.py] => expansion_epochs: 120
2024-06-20 19:18:46,546 [trainer.py] => fusion_epochs: 60
2024-06-20 19:18:46,546 [trainer.py] => lr: 0.1
2024-06-20 19:18:46,546 [trainer.py] => batch_size: 64
2024-06-20 19:18:46,546 [trainer.py] => weight_decay: 0.0005
2024-06-20 19:18:46,546 [trainer.py] => num_workers: 6
2024-06-20 19:18:46,547 [trainer.py] => reduce_batch_size: True
2024-06-20 19:18:46,547 [trainer.py] => T: 2
2024-06-20 19:18:47,371 [data_manager.py] => [68, 56, 78, 8, 23, 84, 90, 65, 74, 76, 40, 89, 3, 92, 55, 9, 26, 80, 43, 38, 58, 70, 77, 1, 85, 19, 17, 50, 28, 53, 13, 81, 45, 82, 6, 59, 83, 16, 15, 44, 91, 41, 72, 60, 79, 52, 20, 10, 31, 54, 37, 95, 14, 71, 96, 98, 97, 2, 64, 66, 42, 22, 35, 86, 24, 34, 87, 21, 99, 0, 88, 27, 18, 94, 11, 12, 47, 25, 30, 46, 62, 69, 36, 61, 7, 63, 75, 5, 32, 4, 51, 48, 73, 93, 39, 67, 29, 49, 57, 33]
2024-06-20 19:18:47,548 [trainer.py] => All params: 0
2024-06-20 19:18:47,549 [trainer.py] => Trainable params: 0
2024-06-20 19:18:47,650 [beef_iso.py] => Learning on 0-50
2024-06-20 19:18:47,651 [beef_iso.py] => All params: 11220132
2024-06-20 19:18:47,651 [beef_iso.py] => Trainable params: 11220132
2024-06-20 20:25:01,999 [trainer.py] => config: ./configs/beef/imagenet-50-10.json
2024-06-20 20:25:02,001 [trainer.py] => prefix: fusion-energy-0.1-3-cosine-256-conv3-120epochs-cutout
2024-06-20 20:25:02,001 [trainer.py] => dataset: imagenet100
2024-06-20 20:25:02,001 [trainer.py] => memory_size: 2000
2024-06-20 20:25:02,001 [trainer.py] => memory_per_class: 20
2024-06-20 20:25:02,001 [trainer.py] => fixed_memory: True
2024-06-20 20:25:02,001 [trainer.py] => shuffle: True
2024-06-20 20:25:02,001 [trainer.py] => init_cls: 50
2024-06-20 20:25:02,002 [trainer.py] => increment: 10
2024-06-20 20:25:02,002 [trainer.py] => model_name: beefiso
2024-06-20 20:25:02,002 [trainer.py] => convnet_type: resnet18
2024-06-20 20:25:02,002 [trainer.py] => device: [device(type='cuda', index=0)]
2024-06-20 20:25:02,002 [trainer.py] => seed: 1993
2024-06-20 20:25:02,002 [trainer.py] => logits_alignment: 3
2024-06-20 20:25:02,002 [trainer.py] => energy_weight: 0.1
2024-06-20 20:25:02,003 [trainer.py] => is_compress: False
2024-06-20 20:25:02,003 [trainer.py] => init_epochs: 20
2024-06-20 20:25:02,003 [trainer.py] => init_lr: 0.1
2024-06-20 20:25:02,003 [trainer.py] => init_weight_decay: 0.0005
2024-06-20 20:25:02,003 [trainer.py] => expansion_epochs: 120
2024-06-20 20:25:02,003 [trainer.py] => fusion_epochs: 60
2024-06-20 20:25:02,004 [trainer.py] => lr: 0.1
2024-06-20 20:25:02,004 [trainer.py] => batch_size: 64
2024-06-20 20:25:02,004 [trainer.py] => weight_decay: 0.0005
2024-06-20 20:25:02,004 [trainer.py] => num_workers: 6
2024-06-20 20:25:02,004 [trainer.py] => reduce_batch_size: True
2024-06-20 20:25:02,004 [trainer.py] => T: 2
2024-06-20 20:25:02,785 [data_manager.py] => [68, 56, 78, 8, 23, 84, 90, 65, 74, 76, 40, 89, 3, 92, 55, 9, 26, 80, 43, 38, 58, 70, 77, 1, 85, 19, 17, 50, 28, 53, 13, 81, 45, 82, 6, 59, 83, 16, 15, 44, 91, 41, 72, 60, 79, 52, 20, 10, 31, 54, 37, 95, 14, 71, 96, 98, 97, 2, 64, 66, 42, 22, 35, 86, 24, 34, 87, 21, 99, 0, 88, 27, 18, 94, 11, 12, 47, 25, 30, 46, 62, 69, 36, 61, 7, 63, 75, 5, 32, 4, 51, 48, 73, 93, 39, 67, 29, 49, 57, 33]
2024-06-20 20:25:02,951 [trainer.py] => All params: 0
2024-06-20 20:25:02,951 [trainer.py] => Trainable params: 0
2024-06-20 20:25:03,047 [beef_iso.py] => Learning on 0-50
2024-06-20 20:25:03,048 [beef_iso.py] => All params: 11220132
2024-06-20 20:25:03,048 [beef_iso.py] => Trainable params: 11220132
