2024-06-24 23:43:10,604 [trainer.py] => config: ./configs/beef/tiny-imagenet-50-10.json
2024-06-24 23:43:10,605 [trainer.py] => prefix: fusion-energy-0.01-1.7-fixed
2024-06-24 23:43:10,605 [trainer.py] => dataset: tiny-imagenet-200
2024-06-24 23:43:10,605 [trainer.py] => memory_size: 2000
2024-06-24 23:43:10,605 [trainer.py] => memory_per_class: 20
2024-06-24 23:43:10,605 [trainer.py] => fixed_memory: True
2024-06-24 23:43:10,605 [trainer.py] => shuffle: True
2024-06-24 23:43:10,606 [trainer.py] => init_cls: 5
2024-06-24 23:43:10,606 [trainer.py] => increment: 1
2024-06-24 23:43:10,606 [trainer.py] => model_name: beefiso
2024-06-24 23:43:10,606 [trainer.py] => convnet_type: resnet32
2024-06-24 23:43:10,606 [trainer.py] => device: [device(type='cuda', index=0)]
2024-06-24 23:43:10,607 [trainer.py] => seed: 1993
2024-06-24 23:43:10,607 [trainer.py] => logits_alignment: 1.7
2024-06-24 23:43:10,607 [trainer.py] => energy_weight: 0.01
2024-06-24 23:43:10,607 [trainer.py] => is_compress: False
2024-06-24 23:43:10,607 [trainer.py] => reduce_batch_size: False
2024-06-24 23:43:10,607 [trainer.py] => init_epochs: 5
2024-06-24 23:43:10,607 [trainer.py] => init_lr: 0.1
2024-06-24 23:43:10,608 [trainer.py] => init_weight_decay: 0.0005
2024-06-24 23:43:10,608 [trainer.py] => expansion_epochs: 4
2024-06-24 23:43:10,608 [trainer.py] => fusion_epochs: 2
2024-06-24 23:43:10,608 [trainer.py] => lr: 0.1
2024-06-24 23:43:10,608 [trainer.py] => batch_size: 128
2024-06-24 23:43:10,608 [trainer.py] => weight_decay: 0.0005
2024-06-24 23:43:10,608 [trainer.py] => num_workers: 8
2024-06-24 23:43:10,608 [trainer.py] => T: 5
2024-06-24 23:43:11,334 [data_manager.py] => [168, 136, 51, 9, 183, 101, 171, 99, 42, 159, 191, 70, 16, 188, 27, 10, 175, 26, 68, 187, 98, 6, 85, 35, 112, 43, 100, 0, 103, 181, 88, 59, 4, 2, 116, 174, 94, 80, 106, 1, 147, 17, 141, 131, 72, 23, 173, 54, 197, 118, 87, 32, 79, 104, 91, 19, 135, 107, 178, 36, 11, 199, 142, 8, 122, 3, 28, 57, 153, 172, 190, 56, 49, 44, 97, 62, 151, 169, 194, 55, 192, 12, 189, 78, 66, 180, 15, 137, 109, 134, 92, 119, 126, 52, 170, 40, 148, 65, 144, 64, 138, 45, 77, 89, 154, 90, 71, 193, 74, 30, 113, 143, 96, 84, 67, 50, 186, 156, 69, 21, 18, 111, 108, 58, 125, 157, 150, 110, 182, 129, 166, 83, 81, 60, 13, 165, 14, 176, 63, 117, 5, 22, 145, 121, 38, 41, 82, 127, 114, 20, 31, 53, 37, 163, 196, 130, 152, 162, 86, 76, 24, 34, 184, 149, 33, 128, 198, 155, 146, 167, 139, 120, 140, 102, 47, 25, 158, 123, 46, 164, 61, 7, 115, 75, 133, 160, 105, 132, 179, 124, 48, 73, 93, 39, 95, 195, 29, 177, 185, 161]
2024-06-24 23:43:11,599 [trainer.py] => All params: 0
2024-06-24 23:43:11,600 [trainer.py] => Trainable params: 0
2024-06-24 23:43:11,611 [beef_iso.py] => Learning on 0-5
2024-06-24 23:43:11,611 [beef_iso.py] => All params: 464804
2024-06-24 23:43:11,612 [beef_iso.py] => Trainable params: 464804
2024-06-24 23:44:08,341 [beef_iso.py] => Task 0, Epoch 1/5 => Loss 2.402, Loss_en 0.025, Train_accy 24.72, Test_accy 23.20
2024-06-24 23:44:38,247 [beef_iso.py] => Task 0, Epoch 2/5 => Loss 1.683, Loss_en 0.023, Train_accy 33.32
2024-06-24 23:45:07,901 [beef_iso.py] => Task 0, Epoch 3/5 => Loss 1.406, Loss_en 0.022, Train_accy 42.92
2024-06-24 23:45:37,447 [beef_iso.py] => Task 0, Epoch 4/5 => Loss 1.361, Loss_en 0.021, Train_accy 44.60
2024-06-24 23:46:06,856 [beef_iso.py] => Task 0, Epoch 5/5 => Loss 1.317, Loss_en 0.021, Train_accy 46.52
2024-06-24 23:46:06,857 [base.py] => Constructing exemplars for new classes...(20 per classes)
2024-06-24 23:48:21,469 [beef_iso.py] => Exemplar size: 100
2024-06-24 23:48:21,470 [trainer.py] => CNN: {'total': 46.0, '00-09': 46.0, 'old': 0, 'new': 46.0}
2024-06-24 23:48:21,470 [trainer.py] => NME: {'total': 45.6, '00-09': 45.6, 'old': 0, 'new': 45.6}
2024-06-24 23:48:21,470 [trainer.py] => CNN top1 curve: [46.0]
2024-06-24 23:48:21,470 [trainer.py] => CNN top5 curve: [100.0]
2024-06-24 23:48:21,470 [trainer.py] => NME top1 curve: [45.6]
2024-06-24 23:48:21,471 [trainer.py] => NME top5 curve: [100.0]

2024-06-24 23:48:21,471 [trainer.py] => All params: 464804
2024-06-24 23:48:21,472 [trainer.py] => Trainable params: 464804
2024-06-24 23:48:21,493 [beef_iso.py] => Learning on 5-6
2024-06-24 23:48:21,494 [beef_iso.py] => All params: 929545
2024-06-24 23:48:21,495 [beef_iso.py] => Trainable params: 465066
2024-06-24 23:49:13,275 [beef_iso.py] => Task 1, Epoch 1/4 => Loss 0.528, Loss_clf 0.508, Loss_fe 0.000, Loss_en 0.020, Train_accy 51.00, Test_accy 19.67
2024-06-24 23:49:39,699 [beef_iso.py] => Task 1, Epoch 2/4 => Loss 0.410, Loss_clf 0.392, Loss_fe 0.000, Loss_en 0.019, Train_accy 83.67
2024-06-24 23:50:05,877 [beef_iso.py] => Task 1, Epoch 3/4 => Loss 0.329, Loss_clf 0.310, Loss_fe 0.000, Loss_en 0.018, Train_accy 79.17
2024-06-24 23:50:31,877 [beef_iso.py] => Task 1, Epoch 4/4 => Loss 0.307, Loss_clf 0.289, Loss_fe 0.000, Loss_en 0.018, Train_accy 76.33
2024-06-24 23:51:22,338 [beef_iso.py] => Task 1, Epoch 1/2 => Loss 2.261, Loss_clf 2.261, Loss_fe 0.000, Loss_kd 0.000, Train_accy 30.83, Test_accy 42.33
2024-06-24 23:51:46,581 [beef_iso.py] => Task 1, Epoch 2/2 => Loss 2.226, Loss_clf 2.226, Loss_fe 0.000, Loss_kd 0.000, Train_accy 32.50
2024-06-24 23:51:46,582 [base.py] => Constructing exemplars for new classes...(20 per classes)
2024-06-24 23:53:09,350 [beef_iso.py] => Exemplar size: 120
2024-06-24 23:53:09,350 [trainer.py] => CNN: {'total': 42.0, '00-09': 42.0, 'old': 31.2, 'new': 96.0}
2024-06-24 23:53:09,351 [trainer.py] => NME: {'total': 45.33, '00-09': 45.33, 'old': 37.2, 'new': 86.0}
2024-06-24 23:53:09,351 [trainer.py] => CNN top1 curve: [46.0, 42.0]
2024-06-24 23:53:09,351 [trainer.py] => CNN top5 curve: [100.0, 97.33]
2024-06-24 23:53:09,351 [trainer.py] => NME top1 curve: [45.6, 45.33]
2024-06-24 23:53:09,351 [trainer.py] => NME top5 curve: [100.0, 98.0]

2024-06-24 23:53:09,352 [trainer.py] => All params: 929994
2024-06-24 23:53:09,353 [trainer.py] => Trainable params: 1166
2024-06-24 23:53:09,373 [beef_iso.py] => Learning on 6-7
2024-06-24 23:53:09,375 [beef_iso.py] => All params: 1394345
2024-06-24 23:53:09,376 [beef_iso.py] => Trainable params: 465263
2024-06-24 23:54:00,251 [beef_iso.py] => Task 2, Epoch 1/4 => Loss 0.891, Loss_clf 0.864, Loss_fe 0.000, Loss_en 0.027, Train_accy 36.61, Test_accy 16.86
2024-06-24 23:54:27,048 [beef_iso.py] => Task 2, Epoch 2/4 => Loss 0.690, Loss_clf 0.665, Loss_fe 0.000, Loss_en 0.026, Train_accy 67.26
2024-06-24 23:54:54,021 [beef_iso.py] => Task 2, Epoch 3/4 => Loss 0.663, Loss_clf 0.639, Loss_fe 0.000, Loss_en 0.024, Train_accy 47.90
2024-06-24 23:55:20,936 [beef_iso.py] => Task 2, Epoch 4/4 => Loss 0.605, Loss_clf 0.581, Loss_fe 0.000, Loss_en 0.024, Train_accy 58.39
2024-06-24 23:56:11,020 [beef_iso.py] => Task 2, Epoch 1/2 => Loss 2.165, Loss_clf 2.165, Loss_fe 0.000, Loss_kd 0.000, Train_accy 25.71, Test_accy 24.29
2024-06-24 23:56:35,317 [beef_iso.py] => Task 2, Epoch 2/2 => Loss 1.987, Loss_clf 1.987, Loss_fe 0.000, Loss_kd 0.000, Train_accy 25.00
2024-06-24 23:56:35,318 [base.py] => Constructing exemplars for new classes...(20 per classes)
2024-06-24 23:58:04,163 [beef_iso.py] => Exemplar size: 140
2024-06-24 23:58:04,163 [trainer.py] => CNN: {'total': 24.86, '00-09': 24.86, 'old': 17.33, 'new': 70.0}
2024-06-24 23:58:04,163 [trainer.py] => NME: {'total': 39.71, '00-09': 39.71, 'old': 46.33, 'new': 0.0}
2024-06-24 23:58:04,163 [trainer.py] => CNN top1 curve: [46.0, 42.0, 24.86]
2024-06-24 23:58:04,164 [trainer.py] => CNN top5 curve: [100.0, 97.33, 90.29]
2024-06-24 23:58:04,164 [trainer.py] => NME top1 curve: [45.6, 45.33, 39.71]
2024-06-24 23:58:04,164 [trainer.py] => NME top5 curve: [100.0, 98.0, 92.57]

2024-06-24 23:58:04,165 [trainer.py] => All params: 1394922
2024-06-24 23:58:04,166 [trainer.py] => Trainable params: 1810
2024-06-24 23:58:04,188 [beef_iso.py] => Learning on 7-8
2024-06-24 23:58:04,190 [beef_iso.py] => All params: 1859273
2024-06-24 23:58:04,191 [beef_iso.py] => Trainable params: 465460
2024-06-24 23:58:56,889 [beef_iso.py] => Task 3, Epoch 1/4 => Loss 1.171, Loss_clf 1.145, Loss_fe 0.000, Loss_en 0.026, Train_accy 35.47, Test_accy 17.75
2024-06-24 23:59:25,131 [beef_iso.py] => Task 3, Epoch 2/4 => Loss 0.819, Loss_clf 0.794, Loss_fe 0.000, Loss_en 0.025, Train_accy 73.44
2024-06-24 23:59:52,901 [beef_iso.py] => Task 3, Epoch 3/4 => Loss 0.734, Loss_clf 0.710, Loss_fe 0.000, Loss_en 0.024, Train_accy 65.16
2024-06-25 00:00:20,933 [beef_iso.py] => Task 3, Epoch 4/4 => Loss 0.723, Loss_clf 0.699, Loss_fe 0.000, Loss_en 0.024, Train_accy 62.66
2024-06-25 00:01:09,180 [beef_iso.py] => Task 3, Epoch 1/2 => Loss 2.492, Loss_clf 2.492, Loss_fe 0.000, Loss_kd 0.000, Train_accy 23.12, Test_accy 25.75
2024-06-25 00:01:33,066 [beef_iso.py] => Task 3, Epoch 2/2 => Loss 2.288, Loss_clf 2.288, Loss_fe 0.000, Loss_kd 0.000, Train_accy 23.12
2024-06-25 00:01:33,067 [base.py] => Constructing exemplars for new classes...(20 per classes)
2024-06-25 00:03:03,929 [beef_iso.py] => Exemplar size: 160
2024-06-25 00:03:03,929 [trainer.py] => CNN: {'total': 26.0, '00-09': 26.0, 'old': 18.29, 'new': 80.0}
2024-06-25 00:03:03,929 [trainer.py] => NME: {'total': 36.5, '00-09': 36.5, 'old': 37.71, 'new': 28.0}
2024-06-25 00:03:03,930 [trainer.py] => CNN top1 curve: [46.0, 42.0, 24.86, 26.0]
2024-06-25 00:03:03,930 [trainer.py] => CNN top5 curve: [100.0, 97.33, 90.29, 83.0]
2024-06-25 00:03:03,930 [trainer.py] => NME top1 curve: [45.6, 45.33, 39.71, 36.5]
2024-06-25 00:03:03,930 [trainer.py] => NME top5 curve: [100.0, 98.0, 92.57, 84.75]

2024-06-25 00:03:03,931 [trainer.py] => All params: 1859978
2024-06-25 00:03:03,933 [trainer.py] => Trainable params: 2582
2024-06-25 00:03:03,953 [beef_iso.py] => Learning on 8-9
2024-06-25 00:03:03,956 [beef_iso.py] => All params: 2324329
2024-06-25 00:03:03,958 [beef_iso.py] => Trainable params: 465657
2024-06-25 00:03:57,225 [beef_iso.py] => Task 4, Epoch 1/4 => Loss 1.145, Loss_clf 1.117, Loss_fe 0.000, Loss_en 0.028, Train_accy 33.64, Test_accy 17.78
2024-06-25 00:04:26,196 [beef_iso.py] => Task 4, Epoch 2/4 => Loss 0.821, Loss_clf 0.796, Loss_fe 0.000, Loss_en 0.026, Train_accy 53.94
2024-06-25 00:04:55,180 [beef_iso.py] => Task 4, Epoch 3/4 => Loss 0.825, Loss_clf 0.801, Loss_fe 0.000, Loss_en 0.024, Train_accy 38.94
2024-06-25 00:05:24,180 [beef_iso.py] => Task 4, Epoch 4/4 => Loss 0.723, Loss_clf 0.700, Loss_fe 0.000, Loss_en 0.023, Train_accy 40.76
2024-06-25 00:06:12,410 [beef_iso.py] => Task 4, Epoch 1/2 => Loss 2.097, Loss_clf 2.097, Loss_fe 0.000, Loss_kd 0.000, Train_accy 20.56, Test_accy 24.67
2024-06-25 00:06:36,595 [beef_iso.py] => Task 4, Epoch 2/2 => Loss 2.172, Loss_clf 2.172, Loss_fe 0.000, Loss_kd 0.000, Train_accy 21.67
2024-06-25 00:06:36,596 [base.py] => Constructing exemplars for new classes...(20 per classes)
2024-06-25 00:08:11,947 [beef_iso.py] => Exemplar size: 180
2024-06-25 00:08:11,947 [trainer.py] => CNN: {'total': 24.22, '00-09': 24.22, 'old': 22.25, 'new': 40.0}
2024-06-25 00:08:11,948 [trainer.py] => NME: {'total': 31.78, '00-09': 31.78, 'old': 34.75, 'new': 8.0}
2024-06-25 00:08:11,948 [trainer.py] => CNN top1 curve: [46.0, 42.0, 24.86, 26.0, 24.22]
2024-06-25 00:08:11,948 [trainer.py] => CNN top5 curve: [100.0, 97.33, 90.29, 83.0, 76.89]
2024-06-25 00:08:11,948 [trainer.py] => NME top1 curve: [45.6, 45.33, 39.71, 36.5, 31.78]
2024-06-25 00:08:11,948 [trainer.py] => NME top5 curve: [100.0, 98.0, 92.57, 84.75, 80.67]

2024-06-25 00:08:11,950 [trainer.py] => All params: 2325162
2024-06-25 00:08:11,952 [trainer.py] => Trainable params: 3482
2024-06-25 00:08:11,973 [beef_iso.py] => Learning on 9-10
2024-06-25 00:08:11,977 [beef_iso.py] => All params: 2789513
2024-06-25 00:08:11,979 [beef_iso.py] => Trainable params: 465854
2024-06-25 00:09:06,253 [beef_iso.py] => Task 5, Epoch 1/4 => Loss 1.230, Loss_clf 1.205, Loss_fe 0.000, Loss_en 0.025, Train_accy 38.09, Test_accy 15.20
2024-06-25 00:09:36,084 [beef_iso.py] => Task 5, Epoch 2/4 => Loss 1.083, Loss_clf 1.057, Loss_fe 0.000, Loss_en 0.026, Train_accy 42.50
2024-06-25 00:10:06,149 [beef_iso.py] => Task 5, Epoch 3/4 => Loss 0.906, Loss_clf 0.881, Loss_fe 0.000, Loss_en 0.025, Train_accy 21.91
2024-06-25 00:10:36,348 [beef_iso.py] => Task 5, Epoch 4/4 => Loss 0.929, Loss_clf 0.905, Loss_fe 0.000, Loss_en 0.024, Train_accy 31.03
2024-06-25 00:11:25,170 [beef_iso.py] => Task 5, Epoch 1/2 => Loss 3.085, Loss_clf 3.085, Loss_fe 0.000, Loss_kd 0.000, Train_accy 20.00, Test_accy 23.60
2024-06-25 00:11:49,339 [beef_iso.py] => Task 5, Epoch 2/2 => Loss 2.926, Loss_clf 2.926, Loss_fe 0.000, Loss_kd 0.000, Train_accy 20.50
2024-06-25 00:11:49,340 [base.py] => Constructing exemplars for new classes...(20 per classes)
2024-06-25 00:13:30,723 [beef_iso.py] => Exemplar size: 200
2024-06-25 00:13:30,723 [trainer.py] => CNN: {'total': 23.0, '00-09': 23.0, 'old': 19.11, 'new': 58.0}
2024-06-25 00:13:30,724 [trainer.py] => NME: {'total': 28.6, '00-09': 28.6, 'old': 30.22, 'new': 14.0}
2024-06-25 00:13:30,724 [trainer.py] => CNN top1 curve: [46.0, 42.0, 24.86, 26.0, 24.22, 23.0]
2024-06-25 00:13:30,724 [trainer.py] => CNN top5 curve: [100.0, 97.33, 90.29, 83.0, 76.89, 65.6]
2024-06-25 00:13:30,724 [trainer.py] => NME top1 curve: [45.6, 45.33, 39.71, 36.5, 31.78, 28.6]
2024-06-25 00:13:30,724 [trainer.py] => NME top5 curve: [100.0, 98.0, 92.57, 84.75, 80.67, 77.6]

2024-06-25 00:13:30,727 [trainer.py] => All params: 2790474
2024-06-25 00:13:30,728 [trainer.py] => Trainable params: 4510
2024-06-25 00:13:30,748 [beef_iso.py] => Learning on 10-11
2024-06-25 00:13:30,753 [beef_iso.py] => All params: 3254825
2024-06-25 00:13:30,755 [beef_iso.py] => Trainable params: 466051
2024-06-25 00:14:40,032 [beef_iso.py] => Task 6, Epoch 1/4 => Loss 1.383, Loss_clf 1.353, Loss_fe 0.000, Loss_en 0.030, Train_accy 27.43, Test_accy 18.00
2024-06-25 00:15:22,308 [beef_iso.py] => Task 6, Epoch 2/4 => Loss 1.046, Loss_clf 1.019, Loss_fe 0.000, Loss_en 0.028, Train_accy 15.71
2024-06-25 00:16:04,385 [beef_iso.py] => Task 6, Epoch 3/4 => Loss 0.833, Loss_clf 0.807, Loss_fe 0.000, Loss_en 0.026, Train_accy 9.57
2024-06-25 00:16:46,617 [beef_iso.py] => Task 6, Epoch 4/4 => Loss 0.816, Loss_clf 0.791, Loss_fe 0.000, Loss_en 0.024, Train_accy 17.57
2024-06-25 00:17:34,147 [beef_iso.py] => Task 6, Epoch 1/2 => Loss 3.882, Loss_clf 3.882, Loss_fe 0.000, Loss_kd 0.000, Train_accy 23.64, Test_accy 26.73
2024-06-25 00:17:57,671 [beef_iso.py] => Task 6, Epoch 2/2 => Loss 3.722, Loss_clf 3.722, Loss_fe 0.000, Loss_kd 0.000, Train_accy 23.18
2024-06-25 00:17:57,672 [base.py] => Constructing exemplars for new classes...(20 per classes)
2024-06-25 00:19:41,502 [beef_iso.py] => Exemplar size: 220
2024-06-25 00:19:41,502 [trainer.py] => CNN: {'total': 28.0, '00-09': 26.0, 'old': 26.0, 'new': 48.0}
2024-06-25 00:19:41,503 [trainer.py] => NME: {'total': 30.55, '00-09': 25.8, 'old': 25.8, 'new': 78.0}
2024-06-25 00:19:41,503 [trainer.py] => CNN top1 curve: [46.0, 42.0, 24.86, 26.0, 24.22, 23.0, 28.0]
2024-06-25 00:19:41,503 [trainer.py] => CNN top5 curve: [100.0, 97.33, 90.29, 83.0, 76.89, 65.6, 62.91]
2024-06-25 00:19:41,503 [trainer.py] => NME top1 curve: [45.6, 45.33, 39.71, 36.5, 31.78, 28.6, 30.55]
2024-06-25 00:19:41,503 [trainer.py] => NME top5 curve: [100.0, 98.0, 92.57, 84.75, 80.67, 77.6, 72.18]

2024-06-25 00:19:41,506 [trainer.py] => All params: 3255914
2024-06-25 00:19:41,508 [trainer.py] => Trainable params: 5666
2024-06-25 00:19:41,530 [beef_iso.py] => Learning on 11-12
2024-06-25 00:19:41,535 [beef_iso.py] => All params: 3720265
2024-06-25 00:19:41,537 [beef_iso.py] => Trainable params: 466248
2024-06-25 00:21:05,616 [beef_iso.py] => Task 7, Epoch 1/4 => Loss 1.415, Loss_clf 1.384, Loss_fe 0.000, Loss_en 0.031, Train_accy 12.64, Test_accy 25.00
2024-06-28 20:04:01,515 [trainer.py] => config: ./configs/beef/tiny-imagenet-50-10.json
2024-06-28 20:04:01,515 [trainer.py] => prefix: fusion-energy-0.01-1.7-fixed
2024-06-28 20:04:01,515 [trainer.py] => dataset: tiny-imagenet-200
2024-06-28 20:04:01,516 [trainer.py] => memory_size: 2000
2024-06-28 20:04:01,516 [trainer.py] => memory_per_class: 20
2024-06-28 20:04:01,516 [trainer.py] => fixed_memory: True
2024-06-28 20:04:01,516 [trainer.py] => shuffle: True
2024-06-28 20:04:01,516 [trainer.py] => init_cls: 5
2024-06-28 20:04:01,516 [trainer.py] => increment: 1
2024-06-28 20:04:01,517 [trainer.py] => model_name: beefiso
2024-06-28 20:04:01,517 [trainer.py] => convnet_type: resnet32
2024-06-28 20:04:01,517 [trainer.py] => device: [device(type='cuda', index=0)]
2024-06-28 20:04:01,517 [trainer.py] => seed: 1993
2024-06-28 20:04:01,517 [trainer.py] => logits_alignment: 1.7
2024-06-28 20:04:01,517 [trainer.py] => energy_weight: 0.01
2024-06-28 20:04:01,517 [trainer.py] => is_compress: False
2024-06-28 20:04:01,517 [trainer.py] => reduce_batch_size: False
2024-06-28 20:04:01,517 [trainer.py] => init_epochs: 5
2024-06-28 20:04:01,518 [trainer.py] => init_lr: 0.1
2024-06-28 20:04:01,518 [trainer.py] => init_weight_decay: 0.0005
2024-06-28 20:04:01,518 [trainer.py] => expansion_epochs: 4
2024-06-28 20:04:01,518 [trainer.py] => fusion_epochs: 2
2024-06-28 20:04:01,518 [trainer.py] => lr: 0.1
2024-06-28 20:04:01,518 [trainer.py] => batch_size: 128
2024-06-28 20:04:01,518 [trainer.py] => weight_decay: 0.0005
2024-06-28 20:04:01,519 [trainer.py] => num_workers: 8
2024-06-28 20:04:01,519 [trainer.py] => T: 5
2024-06-28 20:04:02,143 [data_manager.py] => [168, 136, 51, 9, 183, 101, 171, 99, 42, 159, 191, 70, 16, 188, 27, 10, 175, 26, 68, 187, 98, 6, 85, 35, 112, 43, 100, 0, 103, 181, 88, 59, 4, 2, 116, 174, 94, 80, 106, 1, 147, 17, 141, 131, 72, 23, 173, 54, 197, 118, 87, 32, 79, 104, 91, 19, 135, 107, 178, 36, 11, 199, 142, 8, 122, 3, 28, 57, 153, 172, 190, 56, 49, 44, 97, 62, 151, 169, 194, 55, 192, 12, 189, 78, 66, 180, 15, 137, 109, 134, 92, 119, 126, 52, 170, 40, 148, 65, 144, 64, 138, 45, 77, 89, 154, 90, 71, 193, 74, 30, 113, 143, 96, 84, 67, 50, 186, 156, 69, 21, 18, 111, 108, 58, 125, 157, 150, 110, 182, 129, 166, 83, 81, 60, 13, 165, 14, 176, 63, 117, 5, 22, 145, 121, 38, 41, 82, 127, 114, 20, 31, 53, 37, 163, 196, 130, 152, 162, 86, 76, 24, 34, 184, 149, 33, 128, 198, 155, 146, 167, 139, 120, 140, 102, 47, 25, 158, 123, 46, 164, 61, 7, 115, 75, 133, 160, 105, 132, 179, 124, 48, 73, 93, 39, 95, 195, 29, 177, 185, 161]
2024-06-28 20:04:02,401 [trainer.py] => All params: 0
2024-06-28 20:04:02,401 [trainer.py] => Trainable params: 0
2024-06-28 20:04:02,428 [beef_iso.py] => Learning on 0-5
2024-06-28 20:04:02,429 [beef_iso.py] => All params: 464804
2024-06-28 20:04:02,429 [beef_iso.py] => Trainable params: 464804
